Using pre-set license
Built from '2022.3/staging' branch; Version is '2022.3.3f1 (7cdc2969a641) revision 8182825'; Using compiler version '192829333'; Build Type 'Release'
OS: 'Windows 10  (10.0.19045) 64bit Professional' Language: 'ko' Physical Memory: 65309 MB
BatchMode: 1, IsHumanControllingUs: 0, StartBugReporterOnCrash: 0, Is64bit: 1, IsPro: 1

COMMAND LINE ARGUMENTS:
C:\Program Files\Unity 2022.3.3f1\Editor\Unity.exe
-adb2
-batchMode
-noUpm
-name
AssetImportWorker4
-projectPath
C:/Users/nipa/Documents/GitHub/Virtual_project/Virtual_project
-logFile
Logs/AssetImportWorker4.log
-srvPort
52722
Successfully changed project path to: C:/Users/nipa/Documents/GitHub/Virtual_project/Virtual_project
C:/Users/nipa/Documents/GitHub/Virtual_project/Virtual_project
[UnityMemory] Configuration Parameters - Can be set up in boot.config
    "memorysetup-bucket-allocator-granularity=16"
    "memorysetup-bucket-allocator-bucket-count=8"
    "memorysetup-bucket-allocator-block-size=33554432"
    "memorysetup-bucket-allocator-block-count=8"
    "memorysetup-main-allocator-block-size=16777216"
    "memorysetup-thread-allocator-block-size=16777216"
    "memorysetup-gfx-main-allocator-block-size=16777216"
    "memorysetup-gfx-thread-allocator-block-size=16777216"
    "memorysetup-cache-allocator-block-size=4194304"
    "memorysetup-typetree-allocator-block-size=2097152"
    "memorysetup-profiler-bucket-allocator-granularity=16"
    "memorysetup-profiler-bucket-allocator-bucket-count=8"
    "memorysetup-profiler-bucket-allocator-block-size=33554432"
    "memorysetup-profiler-bucket-allocator-block-count=8"
    "memorysetup-profiler-allocator-block-size=16777216"
    "memorysetup-profiler-editor-allocator-block-size=1048576"
    "memorysetup-temp-allocator-size-main=16777216"
    "memorysetup-job-temp-allocator-block-size=2097152"
    "memorysetup-job-temp-allocator-block-size-background=1048576"
    "memorysetup-job-temp-allocator-reduction-small-platforms=262144"
    "memorysetup-allocator-temp-initial-block-size-main=262144"
    "memorysetup-allocator-temp-initial-block-size-worker=262144"
    "memorysetup-temp-allocator-size-background-worker=32768"
    "memorysetup-temp-allocator-size-job-worker=262144"
    "memorysetup-temp-allocator-size-preload-manager=33554432"
    "memorysetup-temp-allocator-size-nav-mesh-worker=65536"
    "memorysetup-temp-allocator-size-audio-worker=65536"
    "memorysetup-temp-allocator-size-cloud-worker=32768"
    "memorysetup-temp-allocator-size-gi-baking-worker=262144"
    "memorysetup-temp-allocator-size-gfx=262144"
Player connection [21000] Host "[IP] 172.30.1.66 [Port] 0 [Flags] 2 [Guid] 1800388122 [EditorId] 1800388122 [Version] 1048832 [Id] WindowsEditor(7,DESKTOP-9JJSU8G) [Debug] 1 [PackageName] WindowsEditor [ProjectName] Editor" joined multi-casting on [225.0.0.222:54997]...

Player connection [21000] Host "[IP] 172.30.1.66 [Port] 0 [Flags] 2 [Guid] 1800388122 [EditorId] 1800388122 [Version] 1048832 [Id] WindowsEditor(7,DESKTOP-9JJSU8G) [Debug] 1 [PackageName] WindowsEditor [ProjectName] Editor" joined alternative multi-casting on [225.0.0.222:34997]...

Refreshing native plugins compatible for Editor in 47.86 ms, found 3 plugins.
Preloading 0 native plugins for Editor in 0.00 ms.
Initialize engine version: 2022.3.3f1 (7cdc2969a641)
[Subsystems] Discovering subsystems at path C:/Program Files/Unity 2022.3.3f1/Editor/Data/Resources/UnitySubsystems
[Subsystems] Discovering subsystems at path C:/Users/nipa/Documents/GitHub/Virtual_project/Virtual_project/Assets
GfxDevice: creating device client; threaded=0; jobified=0
Direct3D:
    Version:  Direct3D 11.0 [level 11.1]
    Renderer: NVIDIA GeForce RTX 3080 Ti (ID=0x2208)
    Vendor:   NVIDIA
    VRAM:     12100 MB
    Driver:   31.0.15.3623
Initialize mono
Mono path[0] = 'C:/Program Files/Unity 2022.3.3f1/Editor/Data/Managed'
Mono path[1] = 'C:/Program Files/Unity 2022.3.3f1/Editor/Data/MonoBleedingEdge/lib/mono/unityjit-win32'
Mono config path = 'C:/Program Files/Unity 2022.3.3f1/Editor/Data/MonoBleedingEdge/etc'
Using monoOptions --debugger-agent=transport=dt_socket,embedding=1,server=y,suspend=n,address=127.0.0.1:56236
Begin MonoManager ReloadAssembly
Registering precompiled unity dll's ...
Register platform support module: C:/Program Files/Unity 2022.3.3f1/Editor/Data/PlaybackEngines/WindowsStandaloneSupport/UnityEditor.WindowsStandalone.Extensions.dll
Registered in 0.008106 seconds.
- Loaded All Assemblies, in  0.530 seconds
Native extension for WindowsStandalone target not found
Mono: successfully reloaded assembly
- Finished resetting the current domain, in  0.265 seconds
Domain Reload Profiling: 793ms
	BeginReloadAssembly (85ms)
		ExecutionOrderSort (0ms)
		DisableScriptedObjects (0ms)
		BackupInstance (0ms)
		ReleaseScriptingObjects (0ms)
		CreateAndSetChildDomain (1ms)
	RebuildCommonClasses (108ms)
	RebuildNativeTypeToScriptingClass (10ms)
	initialDomainReloadingComplete (61ms)
	LoadAllAssembliesAndSetupDomain (263ms)
		LoadAssemblies (82ms)
		RebuildTransferFunctionScriptingTraits (0ms)
		AnalyzeDomain (257ms)
			TypeCache.Refresh (256ms)
				TypeCache.ScanAssembly (202ms)
			ScanForSourceGeneratedMonoScriptInfo (0ms)
			ResolveRequiredComponents (1ms)
	FinalizeReload (266ms)
		ReleaseScriptCaches (0ms)
		RebuildScriptCaches (0ms)
		SetupLoadedEditorAssemblies (208ms)
			LogAssemblyErrors (0ms)
			InitializePlatformSupportModulesInManaged (10ms)
			SetLoadedEditorAssemblies (8ms)
			RefreshPlugins (0ms)
			BeforeProcessingInitializeOnLoad (2ms)
			ProcessInitializeOnLoadAttributes (137ms)
			ProcessInitializeOnLoadMethodAttributes (52ms)
			AfterProcessingInitializeOnLoad (0ms)
			EditorAssembliesLoaded (0ms)
		ExecutionOrderSort2 (0ms)
		AwakeInstancesAfterBackupRestoration (0ms)
========================================================================
Worker process is ready to serve import requests
Begin MonoManager ReloadAssembly
Symbol file LoadedFromMemory doesn't match image C:\Users\nipa\Documents\GitHub\Virtual_project\Virtual_project\Library\PackageCache\com.unity.visualscripting@1.8.0\Editor\VisualScripting.Core\Dependencies\YamlDotNet\Unity.VisualScripting.YamlDotNet.dll
Symbol file LoadedFromMemory doesn't match image C:\Users\nipa\Documents\GitHub\Virtual_project\Virtual_project\Library\PackageCache\com.unity.visualscripting@1.8.0\Editor\VisualScripting.Core\Dependencies\DotNetZip\Unity.VisualScripting.IonicZip.dll
- Loaded All Assemblies, in  0.709 seconds
Refreshing native plugins compatible for Editor in 2.97 ms, found 3 plugins.
Native extension for WindowsStandalone target not found
Mono: successfully reloaded assembly
- Finished resetting the current domain, in  0.473 seconds
Domain Reload Profiling: 1179ms
	BeginReloadAssembly (121ms)
		ExecutionOrderSort (0ms)
		DisableScriptedObjects (5ms)
		BackupInstance (0ms)
		ReleaseScriptingObjects (0ms)
		CreateAndSetChildDomain (17ms)
	RebuildCommonClasses (32ms)
	RebuildNativeTypeToScriptingClass (11ms)
	initialDomainReloadingComplete (44ms)
	LoadAllAssembliesAndSetupDomain (499ms)
		LoadAssemblies (264ms)
		RebuildTransferFunctionScriptingTraits (0ms)
		AnalyzeDomain (292ms)
			TypeCache.Refresh (269ms)
				TypeCache.ScanAssembly (258ms)
			ScanForSourceGeneratedMonoScriptInfo (19ms)
			ResolveRequiredComponents (4ms)
	FinalizeReload (473ms)
		ReleaseScriptCaches (0ms)
		RebuildScriptCaches (0ms)
		SetupLoadedEditorAssemblies (331ms)
			LogAssemblyErrors (0ms)
			InitializePlatformSupportModulesInManaged (5ms)
			SetLoadedEditorAssemblies (3ms)
			RefreshPlugins (0ms)
			BeforeProcessingInitializeOnLoad (60ms)
			ProcessInitializeOnLoadAttributes (234ms)
			ProcessInitializeOnLoadMethodAttributes (20ms)
			AfterProcessingInitializeOnLoad (8ms)
			EditorAssembliesLoaded (0ms)
		ExecutionOrderSort2 (0ms)
		AwakeInstancesAfterBackupRestoration (7ms)
Shader 'VRM10/Universal Render Pipeline/MToon10': fallback shader 'Hidden/Universal Render Pipeline/FallbackError' not found
Shader 'VRM10/Universal Render Pipeline/MToon10': fallback shader 'Hidden/Universal Render Pipeline/FallbackError' not found
Launched and connected shader compiler UnityShaderCompiler.exe after 0.03 seconds
Refreshing native plugins compatible for Editor in 3.45 ms, found 3 plugins.
Preloading 0 native plugins for Editor in 0.00 ms.
Unloading 3633 Unused Serialized files (Serialized files now loaded: 0)
Unloading 41 unused Assets / (323.9 KB). Loaded Objects now: 4092.
Memory consumption went from 130.6 MB to 130.3 MB.
Total: 3.480900 ms (FindLiveObjects: 0.504500 ms CreateObjectMapping: 0.125300 ms MarkObjects: 2.597900 ms  DeleteObjects: 0.251800 ms)

AssetImportParameters requested are different than current active one (requested -> active):
  custom:scripting/monoscript/fileName/MeshUploader.cs: be28f5813bdf993c84dc932f6a8b6c96 -> 77db96d72c28c8b5d6b3495ef8cd33fd
  custom:scripting/monoscript/fileName/IStore.cs: e129a40a2f9d3251410cd574dcae130b -> 638a3ece80dba7253b5850a1b054f5de
  custom:scripting/monoscript/fileName/FastSpringBoneBufferCombiner.cs: be68bb7c0314f2b11ee2cb261d73be93 -> 
  custom:scripting/monoscript/fileName/AnimationImporterUtil.cs: 864b3258eea737a8febcc09773635030 -> 876f9273df18d849f991ae36cb59f70c
  custom:scripting/monoscript/fileName/Vrm10RuntimeLookAt.cs: 1f2d51e32c601dfb71a68cecf40cd6a9 -> 
  custom:scripting/monoscript/fileName/SkinJoint.cs: 8ef71bdabf02203e52a7cdfd6d3a3643 -> fe29d8ab65fae9dd74e3f32fb3ff6163
  custom:scripting/monoscript/fileName/MigrationVrmFirstPersonAndLookAt.cs: 7e602bdcb78e8ef5db33bf3c9a75474a -> 
  custom:scripting/monoscript/fileName/ITextureSerializer.cs: 7e0ac8ae3ad690d5d31057bccab2a093 -> 0c1044e75f27dc65e668203b685e7c9e
  custom:scripting/monoscript/fileName/IResponsibilityForDestroyObjects.cs: c7add73c744fcc7fa46b2a84157e9925 -> 2a396995d32b3588aaa81d9aec6a5617
  custom:scripting/monoscript/fileName/FastSpringBoneBuffer.cs: c36d1c56157c9522c3a5f6e496c44597 -> 
  custom:scripting/monoscript/fileName/RuntimeOnlyAwaitCaller.cs: 31b145faac4f08429e7615e950f30a66 -> a1601134717f0a16457470de8c41c4fb
  custom:scripting/monoscript/fileName/TextureFactory.cs: 53fb87271b953aa02cb7cb2c807ac56b -> 0cf41d74632ff226f4fd9ba246692e8b
  custom:scripting/monoscript/fileName/AnimationExporter.cs: d084ac9293fc4ac96bb255a94b88dddb -> 9a9a086305fef590b548ab71957b145e
  custom:scripting/monoscript/fileName/GltfScriptedImporterEditor.cs: cf80dba7648a523008c588b7b0ae247f -> 91ccc9832613afe4515354b91d7fe1d7
  custom:scripting/monoscript/fileName/UShort4.cs: 9f05b6db918fda7555fbc05c3b99b66f -> 3b8b9bff71088e554d5b43f0ab1dfd78
  custom:scripting/monoscript/fileName/Bvh.cs: 82703f4d424c2376430fc6fc3357aa8d -> 35ba63a0741449795ed9528fde695d65
  custom:scripting/monoscript/fileName/VRM10ExpressionEditor.cs: 85d927402f57b95abf380c5ad0d10f2f -> 
  custom:scripting/monoscript/fileName/Vrm10RotationConstraint.cs: b7011f0916d7d4f4aa46bdff693d12bb -> 
  custom:scripting/monoscript/fileName/HumanoidEditor.cs: f47894c993a44fcafb8d1c3ace927e57 -> 3270944d0253d4166753c766d5a6827d
  custom:scripting/monoscript/fileName/DateTimeOffsetExtensions.cs: f960bc60137616ba31e60bd4ff291dbc -> a1a9df545082140aed581b61dbe1d080
  custom:scripting/monoscript/fileName/BuiltInVrm10MToonMaterialImporter.cs: 75a5bf4b747132059178244fe0545e1a -> 
  custom:scripting/monoscript/fileName/Vrm10RuntimeExpression.cs: 89f4cdb8ea7bd3c1e1df5cdc8f4ea530 -> 
  custom:scripting/monoscript/fileName/gltfExporter.cs: 07c88aec22f37f96a30be7a32470cd92 -> 79249221fc014c87289edd778408b08f
  custom:scripting/monoscript/fileName/ZipArchiveStorage.cs: d37ea85a154e3ea21c9d86583c6439bd -> aebc70a6479e2d191f29455c88c49dbf
  custom:scripting/monoscript/fileName/RuntimeMorphTargetBinding.cs: 22ac1b15c7cbfb2b0f0b7a64f296d398 -> 
  custom:scripting/monoscript/fileName/InterleaveMeshVerticesJob.cs: f50ede99b583d28eea9dadfb8849b744 -> 
  custom:scripting/monoscript/fileName/MeshExportValidator.cs: 01243fe580fd0b03accb8062785e2b4f -> 122d5fa2351f98e287c4d5b72f3a377c
  custom:scripting/monoscript/fileName/RendererFirstPersonFlags.cs: 1cce5a6e747ab4726dd2f67c8b301cab -> 
  custom:scripting/monoscript/fileName/glTFExtensions.cs: ecdf925cb3357148d36c28b81a951bbd -> 382ebcff257f2ac37f2e4a9d16da1ec6
  custom:scripting/monoscript/fileName/Utf8StringSplitterExtensions.cs: bd887f52ce5c46617f210825c5cbf696 -> 434be38ead77a24171702965db36c62e
  custom:scripting/monoscript/fileName/HumanoidTests.cs: 71f0ab6e34bd608d4047c42882da6f87 -> 
  custom:scripting/monoscript/fileName/BlittableJoint.cs: 9507f49943fcbc1752021f99c94f0254 -> 
  custom:scripting/monoscript/fileName/BuiltInVrm10MaterialExporter.cs: 884d4356c2b2cae99f01e8d665b783c7 -> 
  custom:scripting/monoscript/fileName/MigrationException.cs: dd1a1c9d6e317aad0b6cfc66321f73da -> 
  custom:scripting/monoscript/fileName/TabMeshSeparator.cs: 5b6a2b0b92dfdb7afc33cd8799e5f70e -> 44ee0186e05ed5485dae1f4bda753f7e
  custom:scripting/monoscript/fileName/Deserializer.g.cs: 4d5db985aea5003ea32b00a26b6b6e9b -> d977bfd7109f674ac1752d79dc649893
  custom:scripting/monoscript/fileName/BoneInfo.cs: 79e434db4bb24b36b39b2cdee2259f70 -> f837e8c2a08a358c86f6856f050a59ed
  custom:scripting/monoscript/fileName/VRM10ExpressionEditorTool.cs: d4a568fc2b057b5b906507e825e34e1f -> 
  custom:scripting/monoscript/fileName/UnityEditorSettingsValidator.cs: 58ca93750dbdc7a0131fa4c46b268b81 -> dd87cbed351623636e48ab2186862f4d
  custom:scripting/monoscript/fileName/BoneGizmoDrawer.cs: 84dc73760129235ecab597b2a07d3a62 -> 93743012dbb07114fe4bbb96295a4b29
  custom:scripting/monoscript/fileName/ExpressionMerger.cs: 391e8de6b8e8c2d2d06875a36d3cd07e -> 
  custom:scripting/monoscript/fileName/Vrm10ConstraintUtil.cs: 60a44a57e099fcfcf2da03557698d901 -> 
  custom:scripting/monoscript/fileName/MeshIntegrationResult.cs: 305c7da6b6b1994bb5117f9b71e1a387 -> 700f6f6263535db302521e9840f054a9
  custom:scripting/monoscript/fileName/IUnitySettingsValidator.cs: b9f369aec34ca6759cb67ca0dfc8694c -> a7c0b9ac8a5776c3268dbd88ee363956
  custom:container-demuxer-ogg: 62fdf1f143b41e24485cea50d1cbac27 -> 
  custom:scripting/monoscript/fileName/JsonSchemaBase.cs: 4b1981b88ce885232da7e1d5bcb481fd -> 4cb10f263d4f50962d211f99cd93d8b5
  custom:scripting/monoscript/fileName/Utf8String.cs: ce09057f01494bfdbe50f7d6e61a1a39 -> b5b61c6deff9058c92dc624460623c39
  custom:scripting/monoscript/fileName/EditorProgress.cs: 97af70b8db6de2dff1552c154c5b3981 -> 3eb5f1d10f9d6be05a3f3d98694278ff
  custom:scripting/monoscript/fileName/SkinningInfo.cs: 376dd465f84fab2ed66c2059b339b4fb -> 3c6d6081e4a797971d83cf00b55099f1
  custom:scripting/monoscript/fileName/BoneNormalizer.cs: 58f5eb6d0cb582986330c40d350f9603 -> 39e4ff5b8aa5b386ddc0fe1b9efe09ca
  custom:scripting/monoscript/fileName/glTF.cs: 357ec523efd9810092af59eb22f3b40d -> c70ff73103c842334f526234abd42da2
  custom:scripting/monoscript/fileName/GltfScriptedImporter.cs: 18c50830edabb7f88ce791c09d42a4dc -> c9607273ba15316cdb72c5ef2be4731c
  custom:scripting/monoscript/fileName/ArrayPin.cs: c220ea2c6ce0da1e5ed30e55bea1e46a -> 6448b6a185d90f5fb576f70a2b676f77
  custom:scripting/monoscript/fileName/RenderPipelineMaterialDescriptorUtility.cs: 2d8f29eb0a178117a245c6b8edd3c532 -> 4f53e196a7ae195d2041bedbc272699b
  custom:scripting/monoscript/fileName/MeshExportUtil.cs: 5ce8dd14dd9a4a142e50169bc4634b43 -> 8e305dd7e167c7800dd6436d131dfe68
  custom:scripting/monoscript/fileName/GltfFileWithResourceFilesParser.cs: e62e2b0612694df3395ae23ffccb447c -> d3cfd681a5e67ec7c3d7c3770d9723d4
  custom:scripting/monoscript/fileName/TextureConverter.cs: 62ad440b05dbd7cd1f966d6b6d730f85 -> c32d31e7aaed0d834e07c7d3b289ee84
  custom:scripting/monoscript/fileName/MeshProcessDialogEditor.cs: 66f0e629303d978a87094fdd5c52805d -> 0d146a89154464511786c12f8c00b43e
  custom:scripting/monoscript/fileName/Vrm10ImportData.cs: bee39e7ca32d31c08fe54d4c26fda9db -> 
  custom:scripting/monoscript/fileName/ILookAtEyeDirectionApplicable.cs: d07c579d38ded0b29d10c6abe1b1a7a4 -> 
  custom:scripting/monoscript/fileName/GlbScriptedImporter.cs: 9ba9f08b43a4eca9675ac5bb4873579e -> ee1a878637f1c1d199e5b8153813fedf
  custom:scripting/monoscript/fileName/StringBuilderStore.cs: 8d43f124205e4d98b6a3fa870797018f -> fcaca87a4a7ef999f410a5c98553cd2c
  custom:scripting/monoscript/fileName/DeserializingTextureInfo.cs: 9049a3e8b9db6fbdeffe449135be4eba -> 924104d69dd500b8250fbf5da294515a
  custom:scripting/monoscript/fileName/SerializerWriter.cs: ed8a24945b122cecaf51c2ad74b286e7 -> 3f775517703db8ed1c20eadf26c08588
  custom:scripting/monoscript/fileName/TextureDescriptor.cs: 89a3380016b57bf658cd79e921cebed9 -> a23c282270928614843d58e5e25c5eff
  custom:scripting/monoscript/fileName/MeshUpdater.cs: ff79b87d822e5cf4892b1870672e1f5d -> 
  custom:scripting/monoscript/fileName/MaterialDescriptor.cs: 390b43854a319b0bb9b0cbc81ba7c222 -> c383768f258abee0e2e53805009b87d1
  custom:scripting/monoscript/fileName/SpringBoneTreeView.cs: ab5735df0ccb3c49ae72cd7f7521d0dd -> 
  custom:scripting/monoscript/fileName/Vrm10MToonTextureImporter.cs: 9ddfe13a7d86f140f96972ec5611a2cd -> 
  custom:scripting/monoscript/fileName/RotateY180.cs: 7008f5e68a2a26a641be05c100883dfe -> 
  custom:scripting/monoscript/fileName/BytesStore.cs: 18871675e49a96d834bdb3f7c2ca8008 -> a692911522683254309984a8a54b2dd8
  custom:scripting/monoscript/fileName/ExpressionKeyTests.cs: 46fffc78871c695651255995e1feb28d -> 
  custom:scripting/monoscript/fileName/ListTreeNodeExtensions.cs: 43343b10d65d200b24e01982951a3d2f -> 8bf64c2d70b019afbc57d6233643ee96
  custom:scripting/monoscript/fileName/MorphTargetIdentifier.cs: 1a3064b9e3d46116767f9f25d1a18ba5 -> 
  custom:video-codec-MediaFoundation-h265: 746d11721c4dcdbdad8f713fa42b33f4 -> 
  custom:scripting/monoscript/fileName/TabMeshIntegrator.cs: 27b00974bc8a4d9241125b0aa40ef62a -> 76cfdb312077f3e52ba7a0dfeaaeb175
  custom:scripting/monoscript/fileName/Vrm10FirstPersonLayerSettings.cs: 38d31df1169cb9d183e0a19985c9ae32 -> 
  custom:scripting/monoscript/fileName/AnimatorPoseProvider.cs: fceb7059a6aab6eeac35eb9e63919f2e -> 
  custom:scripting/monoscript/fileName/AnimationKeyframeData.cs: 5624ade04ee483ca5e23c2ccfe19bbec -> 4ebb7e25bb4123c14111e582becc4b70
  custom:scripting/monoscript/fileName/Vrm10Runtime.cs: e49fc681cce7d80f3657e8c3eed96879 -> 
  custom:scripting/monoscript/fileName/MeshReader.cs: e816d31e73c1670d68810a55604f8714 -> 
  custom:scripting/monoscript/fileName/MonoBehaviourComparator.cs: 5f33dafa1aa6974f5bf3aee9d88176d8 -> e6b986f364ea74d7836008cb35eccf30
  custom:scripting/monoscript/fileName/MeshExclude.cs: b80dbd2bb7fbd3fcfc64147cb65ab758 -> dda4bcf375f7e56a6bdc2158a5a12d66
  custom:scripting/monoscript/fileName/GlbBinaryParser.cs: 14801fac21e94c1dd1854dac8c969fde -> 23680cf40c991ee641e7e567e44c88f0
  custom:scripting/monoscript/fileName/MToon10Meta.cs: a442e2b633da4d4de14f454a36946d8a -> 82a084d9833cc0adbe1bea6a7aa11370
  custom:scripting/monoscript/fileName/ListTreeNodeObjectExtensions.cs: 8b45165408c57cf2178b0b129cc0c258 -> 163bb4f63d91e753b5ffa8a4746328dc
  custom:scripting/monoscript/fileName/ITextureDeserializer.cs: 23ae2c8d18038694cb393ed6d6d21300 -> 8d4e39145ab1b9a3629c6572c74e4119
  custom:scripting/monoscript/fileName/EditorUtils.cs: acd1f19ebccd907acba841a550a3ccf2 -> eda63e0fa27a659a2d285f300b81450b
  custom:scripting/monoscript/fileName/TinyManagedTaskScheduler.cs: e76015b5b48b3d57562102c52f75d402 -> 3d79a050cf78f3005a56069a9efaf488
  custom:scripting/monoscript/fileName/UnityPath.cs: b43af14a20dadf906c7aa3480597a35b -> e922f9cbf209ee0f9d13b2f35f97c3e7
  custom:scripting/monoscript/fileName/RemapEditorMaterial.cs: c03ca2a4248a7ebe2a8f0426948e1269 -> e86af15cf315adaad02234cc92bb4955
  custom:scripting/monoscript/fileName/NumericTests.cs: b84f375d304fc756efd24687883458e3 -> aec9b7f5ce10c3f9c4afb889af70c1e4
  custom:scripting/monoscript/fileName/MeshExportValidatorTests.cs: d6668bb565f1489bd1ec2e32a34fe410 -> 1d0d629fb319f276ad2909bc6767de88
  custom:scripting/monoscript/fileName/Byte4.cs: 22bd7467fd49afb7e63a91ba0493771d -> 6c015624d05bf3eade58044c59ff0bc9
  custom:scripting/monoscript/fileName/Vrm10AnimationInstance.cs: aca2c593452cf6252777d55375d6d860 -> 
  custom:scripting/monoscript/fileName/DeserializerGenerator.cs: 60dad73c5af5d242a2ca7293902ac4c2 -> 471a47969f5cbcaa51f788964843425e
  custom:scripting/monoscript/fileName/MeshImporterDivided.cs: b9c4024197080f7e7937521f4e38d551 -> 
  custom:video-decoder-ogg-theora: a1e56fd34408186e4bbccfd4996cb3dc -> 
  custom:scripting/monoscript/fileName/UrpGltfMaterialDescriptorGenerator.cs: 14e291ac123c03e60e63ff6f3926db92 -> 40f622c442243d147c6b3fdf7f509db4
  custom:scripting/monoscript/fileName/VrmScriptedImporterImpl.cs: 7a95962f4588545a594af35677600ce5 -> 
  custom:scripting/monoscript/fileName/ModelExporter.cs: 051c19c4343e56fbc927bf75c9b018ea -> 
  custom:scripting/monoscript/fileName/M17N.cs: def18855bd456c8a0a5d977e39002d4d -> 298074dd658c1dd776048b7c2463862f
  custom:scripting/monoscript/fileName/AnimationValidator.cs: 847e68a202b0ce7e2a56d7ead5ada177 -> e47fdd074669ef53d4e11e0734025ab8
  custom:scripting/monoscript/fileName/BlendShapeFilter.cs: 0d404341efb5dcd2a1d8d6fc75f82f4c -> 6bbc1c439a2b234b4c52d258d6222616
  custom:scripting/monoscript/fileName/Model.cs: 1e7f43c69b7995dec49f5421d5a85b76 -> 
  custom:scripting/monoscript/fileName/FastSpringBoneSpring.cs: ac30629c1ba62b75c2f16ad923bc2e74 -> 
  custom:scripting/monoscript/fileName/BvhImporter.cs: 572cf78c7800c72251a2f20f59b36bf5 -> ad6e40a27dc9aac87a97ff16a51e56d7
  custom:scripting/monoscript/fileName/GlbParserTests.cs: a84eef289dd74413d33aa160559f54da -> 2b3622ba5d957a03a00a2c693e0b677f
  custom:scripting/monoscript/fileName/Utf8StringTest.cs: 24de81806922c9a5939f640e7084de89 -> 6630fff66245328ce875a406efaebf73
  custom:scripting/monoscript/fileName/SByte4.cs: 2715af8794ae866d8d5f07d103c61819 -> fc074038600b77766b050bf4ff8a95fe
  custom:scripting/monoscript/fileName/MuscleDebug.cs: 52fd70b815819edefa3abfbeff71a6d8 -> 300a6ec21098bc94ed96a9b112795a87
  custom:scripting/monoscript/fileName/IVrm10Constraint.cs: f1e425c92de31b01b098cf0832c3ff85 -> 
  custom:scripting/monoscript/fileName/MeshGroup.cs: 69a9f5dfa2def15542984e594a819c01 -> 
  custom:scripting/monoscript/fileName/IValueSerialization.cs: 5cf0c42e61e08a981496afd0dd2dcb04 -> 92c1baf7f7a5f3f0627c2eb35671a859
  custom:framework-win-MediaFoundation: 216162199b28c13a410421893ffa2e32 -> 
  custom:scripting/monoscript/fileName/ITextureExporter.cs: b2509577ce4ad2d8bace8a83312638a3 -> b825685f987bb921b871aa4ce66dfe1e
  custom:scripting/monoscript/fileName/UniGLTFTests.cs: c18df56759b0fca6d2c056fa39202731 -> 1096da2ebd99079ee7af45d457550c99
  custom:scripting/monoscript/fileName/HandPose.cs: 5a99977deee8645c0bf92c463d18a484 -> 0dc39016ec196fa53d21bd3e796941a3
  custom:scripting/monoscript/fileName/JsonParser.cs: faed76cee7ff26e0ebc6f430a600c4b1 -> e64559c0259dd923f887880c9a442da5
  custom:scripting/monoscript/fileName/ConcreteCast.g.cs: 89d1fa71e45d485e67aa37118d9ba1f0 -> c90c5939682fadf69357bddeeffc60a0
  custom:scripting/monoscript/fileName/ValidationExtensions.cs: e2d5518c7d36f7d1042ade65bdba4f7a -> 94051cd6c8f4837abc6fed7a45a618b9
  custom:scripting/monoscript/fileName/DictionaryJsonSchema.cs: 87d617866993a1f64c7fa176332f1c73 -> aa81f38502daacb16cfdf97db34faccb
  custom:scripting/monoscript/fileName/SerializedPropertyEditor.cs: b8c7884a2945a4df41faba4e5b1ab40d -> 397b964d393c5564319b1f9e815bc487
  custom:scripting/monoscript/fileName/UnityTextureDeserializer.cs: e33926db0ba0679dec5f3139655b13a2 -> e1fe4eaddd2041233da15f27d6d27092
  custom:scripting/monoscript/fileName/SerializedExpressionEditor.cs: ae03f07185fa2a3c3cae8e06c9aae535 -> 
  custom:scripting/monoscript/fileName/MToonInspector.cs: 3d4a68f3ae7b6f5187e1d218ded44444 -> f80dd7efbb1de488080e1c16132e0c04
  custom:scripting/monoscript/fileName/RemapEditorAnimation.cs: 73230546a18e3b5cc6127bb9c534eea4 -> 3c7b4f1a7086bb946b2543b55118454c
  custom:scripting/monoscript/fileName/INormalizedPoseProvider.cs: be871e1d727ef6b13ed9704c1217e235 -> 
  custom:scripting/monoscript/fileName/MToon10EmissiveMapKeyword.cs: 3b0f2531faa67ad119a5308f442e32f6 -> fcce810ee51748d315977e4987e7e4ac
  custom:scripting/monoscript/fileName/MToon10ParameterMapKeyword.cs: fdab32558052de2f7b8b5ae20a283912 -> f36232ef205d14adfc2bfd5a6b344473
  custom:scripting/monoscript/fileName/TransformExtensions.cs: e71ad4489ba59519195c86be122208ab -> 38ddb9aa4d1d124d6c3d199c2b6aad9c
  custom:scripting/monoscript/fileName/KHR_materials_unlit.cs: 07284e1299e69b32ea2ac8402e503de8 -> 0d1cf43923cf044e771d4750e53c0219
  custom:scripting/monoscript/fileName/VertexBuffer.cs: 34ff5a880aff7ea9bec108cac9479ac1 -> 
  custom:scripting/monoscript/fileName/UnityObjectDestroyer.cs: 01999db566bbb093aa9715736226f4c0 -> 5c717b27d500b0cb6b64346ecaf266bc
  custom:scripting/monoscript/fileName/TestAsset.cs: 2de820c15caa618db738c52dd7da5a71 -> 
  custom:scripting/monoscript/fileName/KHR_materials_emissive_strength.cs: c265003780cae90e179d61ed42d5edaa -> c61b01d1bff57a561a60f8e4cfea17c8
  custom:scripting/monoscript/fileName/GltfJsonUtil.cs: ec8f85ab7cc52ebf2ebdcca06f7957fa -> 720fc90d52d56e0a32a60b4bc2059321
  custom:scripting/monoscript/fileName/FastSpringBoneJoint.cs: a7ec9b5a186dd3860838bbee44ca1b29 -> 
  custom:scripting/monoscript/fileName/ByteExtensions.cs: 4db7abc90d47ba18846c1a2280dcfbb5 -> a655672e6346d2d00539d8d34aba981e
  custom:scripting/monoscript/fileName/GltfTextureExporter.cs: 631e1cf9db8af991c570ff37d3c3d9fd -> d84642206edf06aaa2525bbf8452fdb2
  custom:scripting/monoscript/fileName/TextureDescriptorSet.cs: e83f8e6cdc8549a21925fba8f667dc00 -> 10ce5f81db5ceb756518f8a4061249fc
  custom:scripting/monoscript/fileName/MigrationFlags.cs: 90a1b01c3e7b1c487377af24583553a4 -> bd36f9bab9da8796bcf547632417d2bc
  custom:scripting/monoscript/fileName/NormalConverter.cs: 545db35712013709deb5d31e5c9e7a29 -> b4ab745742c9334e4c19d005725538db
  custom:scripting/monoscript/fileName/BoneMapping.cs: 2257bafb73ea6c56f0cdedbb12dd5cc2 -> f0bdb716237d97987781453f879a2c48
  custom:scripting/monoscript/fileName/PathObjectTests.cs: f996dd399a338cb0d6712f87fed173f8 -> 2f10b012c62094126ca6d6ad0b5576a7
  custom:scripting/monoscript/fileName/MeshIntegrator.cs: ddb4b596d4b4deaae605b244e2f9cbd2 -> a755839ff36a7c92d412f2fa5685cd43
  custom:scripting/monoscript/fileName/MeshExporter_DividedVertexBuffer.cs: 08828f7486f0dd4bb836d62be15d1891 -> 69905ae913b8d0e950bd5c293dbfd5e7
  custom:scripting/monoscript/fileName/VrmAnimationMenu.cs: 6f75799640a3c6affe381ca170d207ca -> 
  custom:scripting/monoscript/fileName/GltfId.cs: 1bf91c12b24d4c69db9d5c7f8c33b243 -> 
  custom:scripting/monoscript/fileName/MeshVertexUtility.cs: 88627f3217b231503ec0d0471da71eac -> 8e1d05774e3774ab09073417c0000a27
  custom:scripting/monoscript/fileName/InternalTPose.cs: 55eab6e4711972d294ef2b25f4f90602 -> b124f6d1b204af79b8204929fdafa552
  custom:scripting/monoscript/fileName/RuntimeTextureSerializer.cs: 358659320b4b10d1c68d66b78b2f0de2 -> 3cd23f22459aa2c03779f4bce1847833
  custom:scripting/monoscript/fileName/Coordinates.cs: 8e7fd29d805214fb99383f8bb3c8ef3e -> 
  custom:scripting/monoscript/fileName/BvhNode.cs: 9313f74f950284fa81ad2c9e6a2f877a -> 754ae78e82593d5012ed4542182195a9
  custom:scripting/monoscript/fileName/Vrm10TPose.cs: c24107b30933d40835571d10958c67cf -> 
  custom:scripting/monoscript/fileName/TabBoneMeshRemover.cs: 119607972f108a1d35ff7d176e0f20c7 -> a9f28547c3dc921246bbc9e61fa0c480
  custom:scripting/monoscript/fileName/ExpressionTests.cs: 0fb5989122a8f348ef488e957adc8647 -> 
  custom:scripting/monoscript/fileName/ImporterContext.cs: ef0254a72878245a31dbd4b1b21c1853 -> d10acb4d84f2cc53206d0e1771e6bf79
  custom:scripting/monoscript/fileName/LoadTests.cs: 6cd3d82710e5abacc80bc13e17c94b47 -> 
  custom:scripting/monoscript/fileName/CopyToNativeArrayTransformJob.cs: 63039201f165b8c6d9d188cb3b225056 -> 
  custom:scripting/monoscript/fileName/VRM10Object.cs: cc9d4f9ab26085d453a4f4c6f16248ee -> 
  custom:scripting/monoscript/fileName/ExpressionExtensions.cs: b2737e1b33797b2a6ae92fa0d336e240 -> 
  custom:scripting/monoscript/fileName/IndexTargets.cs: 18b48ea40f1fc5bedfe26903ec2624d8 -> 173ff5c0b106976da1879658825b4c82
  custom:scripting/monoscript/fileName/Matrix4x4Extensions.cs: b8ebed68d0d8d32b5ddd09e7c0d9f78f -> 98da45740de268181682a79b45a19865
  custom:scripting/monoscript/fileName/LookAtEyeDirection.cs: 750f5c634e0a1843a0f836a3b9cc8cf1 -> 
  custom:scripting/monoscript/fileName/SelectedGUI.cs: 5262b893992ab4a43c389afbed62e243 -> 
  custom:scripting/monoscript/fileName/MigrationMaterialUtil.cs: 7a89a7ee23c4c0d604ae59e39038a5b6 -> 
  custom:scripting/monoscript/fileName/BlittableLogic.cs: 7f6bbb05575d021da3cdf792ebc81fb7 -> 
  custom:scripting/monoscript/fileName/FileSystemStorage.cs: 3750e72d47c558920d92f3af2f9430a2 -> 9532be0260d27ba37c0c6e97c70b76eb
  custom:scripting/monoscript/fileName/Utils.cs: dfdb9f520a46c9c421f13fd611bbac96 -> 38efaa10a2cec4e71a9eaf567c91a8a5
  custom:scripting/monoscript/fileName/IMaterialDescriptorGenerator.cs: a94ec677e61933b46d88f35b41953a53 -> 098e77ff2ab2b16d25eba5edb1da28fb
  custom:scripting/monoscript/fileName/ExportDialogState.cs: 59ccd58c90204ffd0b2d63b64d93c751 -> 64c55bf038aa1330331cbdb02a6accf1
  custom:scripting/monoscript/fileName/glTFAnimation.cs: c01e4a9553f8ba632c8fe8cf1ebaab9e -> b5763a977de96b8fffc99fedc09d269c
  custom:scripting/monoscript/fileName/MeshVertex1.cs: c59609722f5ac77522b201169115f86d -> 20dc6e85abff825d0ff43d53fc48e975
  custom:scripting/monoscript/fileName/MigrationVector3.cs: c53e534825c3e566912050b96a313617 -> 
  custom:scripting/monoscript/fileName/UrpVrm10MaterialDescriptorGenerator.cs: 1d13b0c462cb2c319d0fe2be50997949 -> 
  custom:scripting/monoscript/fileName/VRM10SpringBoneCollider.cs: 1ee7e71b6588c9cddd4c4993acd3f40c -> 
  custom:scripting/monoscript/fileName/Symbols.cs: 83d4ae5d27faeb72a1aa6122fb82ee5f -> 20b49d23fcc3e135700ac9015b7c2df9
  custom:scripting/monoscript/fileName/ArraySegmentExtensions.cs: 6f5cd29aefc0eddd2e1f61e22c57ed01 -> c9957d407365117516576f51c386df8f
  custom:scripting/monoscript/fileName/AnimationCurveData.cs: c221500fdddbbb77271255f429adf54f -> d378431b62e9bfc012763efb406f5a8e
  custom:scripting/monoscript/fileName/InitialRotationPoseProvider.cs: 1a9bd8dd307ea6c9070523c0d33fdc28 -> 
  custom:scripting/monoscript/fileName/HandRig.cs: 7cdf87d1424a2fe263cf2c33744bad3c -> 4b3cb24bd0fca78a7d543aac2b495dce
  custom:scripting/monoscript/fileName/RuntimeOnlyNoThreadAwaitCaller.cs: b6dfa5ec9cb9ccdca4f82e2c15a40d73 -> 51cbda6e5e85f1adefbf30d0bd3166f2
  custom:scripting/monoscript/fileName/TriangleUtil.cs: e66b5ec8ceb12e293dfbfa25e85f17cd -> 60eea7628159b0562184f11cffe0fa52
  custom:scripting/monoscript/fileName/VRM10ObjectEditor.cs: 2aa99c0731e849bbb67d48a1f536a22b -> 
  custom:scripting/monoscript/fileName/SkeletonEstimator.cs: 30131c0e9e93e6137b2076198892e461 -> 0a998d7e541f120cf618fb76652c5ac7
  custom:scripting/monoscript/fileName/MorphTargetBindingMerger.cs: 5a813032f94d25f0d49e1eee806e4b63 -> 
  custom:scripting/monoscript/fileName/TopMenu.cs: 0e6bb37a94b7e9d432df5ecf80491dd4 -> 693f7aa980fbae1510d4d42f7b3d060e
  custom:scripting/monoscript/fileName/Sample.cs: a4a7a3182178ba9ddb6dabf0a5e7c34e -> 
  custom:scripting/monoscript/fileName/INormalizedPoseApplicable.cs: 5110a98deee8d5da9ac11bba5de1ca8d -> 
  custom:scripting/monoscript/fileName/EditorTextureUtility.cs: 08590b0f537e9e1db5f8fcb378e39e4e -> c8636719ac47359f2f240fe94baf461a
  custom:scripting/monoscript/fileName/VRM10MetaEditor.cs: f3becd504971e516175dafa90309c089 -> 
  custom:scripting/monoscript/fileName/Vrm10Exporter.cs: dfdbe4fce925e8b166dd2f361086da12 -> 
  custom:scripting/monoscript/fileName/UShort3.cs: e8932145634423f23c6af0e77f1e06ac -> 2de84c6f34b468fea0c37e405ece0653
  custom:scripting/monoscript/fileName/MaterialImportTests.cs: 8c06891381de92d6dc553defee493ce7 -> 
  custom:scripting/monoscript/fileName/ArrayExtensions.cs: e7be2234a8364e157e013844a2602b63 -> e86347f6787b3bb7b26cdecbea905409
  custom:scripting/monoscript/fileName/GltfUtility.cs: 4732848920dce1fe3f86925dc88037ab -> 8ad599eb14f12bc5cce933166609648b
  custom:scripting/monoscript/fileName/Vrm10Instance.cs: 90c7e5bb530596fed2caab5d0a7885db -> 
  custom:scripting/monoscript/fileName/KHR_texture_transform.cs: ff028a124fe4b3477f9db3f79849e193 -> 70be0d71fb1d8e9d326c96a4ed563716
  custom:scripting/monoscript/fileName/Vrm0XVersion.cs: 43b46909cfa71d9226623ff75f18843d -> 
  custom:scripting/monoscript/fileName/JointsAccessor.cs: d0ab0e99cce763970aa03a19ed9c050f -> d196ddae536ba0e2c526ea2b276719ee
  custom:scripting/monoscript/fileName/GltfData.cs: 69c1666a67cbabd4bbf99c783a85c170 -> 8e0deca7291cc933c25ff3557f23e96d
  custom:scripting/monoscript/fileName/BuiltInVrm10MToonMaterialExporter.cs: 49cc09901c307756edb9a02d6930caaa -> 
  custom:scripting/monoscript/fileName/IndexExtensions.cs: 5cb306b4031faef19ef2957409d7921c -> 5de73114b30e9773ca6e1c72d6356ba5
  custom:scripting/monoscript/fileName/TraverseContext.cs: 7d720eecca3a2ea0047aaa302a96450b -> 93225ae4a848bb052955883a40ab64b3
  custom:container-demuxer-webm: 4f35f7cbe854078d1ac9338744f61a02 -> 
  custom:scripting/monoscript/fileName/ZipArchivedGltfScriptedImporter.cs: 58fd775e4a23722bdf3fedc7f4431797 -> 53ba80f3fd5169a3103ce8b25b126f14
  custom:scripting/monoscript/fileName/JsonSchemaSource.cs: c51d3728199132643ab1ffdd62f3799c -> d38d4047f1b0ce4af0d45ad3b178abd1
  custom:scripting/monoscript/fileName/PositionMinMax.cs: 47c3c9e6d861a3de64b8f71ba2f07e65 -> 90f49c3127a92ad2cad7e542d82c2102
  custom:scripting/monoscript/fileName/VRM10Window.cs: aaec8fe290e3afc851be8731dbe8ab33 -> 
  custom:scripting/monoscript/fileName/Vrm0XMToonTextureIndexMap.cs: b1d60386a755328be3431a63b83f95f9 -> 
  custom:scripting/monoscript/fileName/HumanoidValidator.cs: 1a5a87fefa01b46ba9d5aef2fe894e79 -> bdafe94172170f68532ff364c032881d
  custom:scripting/monoscript/fileName/ByteBuffer.cs: b119665fc707d9ad68131c0e3f99034f -> e28a28d3a916cae40815d350fdf09d65
  custom:scripting/monoscript/fileName/TopMenuImplementation.cs: 93b38d1ac58e61b38ebc2fefb0ab8feb -> 01551107a96ffed18ed4a3a2f65474c9
  custom:scripting/monoscript/fileName/BuiltInGltfDefaultMaterialImporter.cs: 86d3d4c0f3fc877157b80798a939a9f2 -> 082bf76cd10ec3691ee4b5bcf64d8471
  custom:scripting/monoscript/fileName/TextureExtensions.cs: a0fbbfe6a8afb19a3015dddaabdb5f71 -> 89be38d29fb8ccffdf7a2c19dbaea495
  custom:scripting/monoscript/fileName/ArraySerialization.cs: bf76d5eee041ded29416ef6a824fc0bc -> b38099ec2b30e10fb99661c52511e67a
  custom:scripting/monoscript/fileName/VRM10LookAtEditorTool.cs: 13a994271fe7743c70fa67532c2d8c08 -> 
  custom:scripting/monoscript/fileName/BvhLoaderTests.cs: ba5051e490b527f6b6f8c45d4150f58a -> fbd2761906a45cff8ca5c6526ae06cb4
  custom:scripting/monoscript/fileName/JsonString.cs: e9472999d68d4d2de24c82b8c242f53b -> a18d1f5d25f4ac8e1cb296147632bf5e
  custom:scripting/monoscript/fileName/ObjectSerialization.cs: ca6728bd6f3b3db10b9cb0fe7f38c3f7 -> b8836e7808dffda47705979da3a27cb0
  custom:scripting/monoscript/fileName/NodeImporter.cs: 4c0a0e0b07409fc1a168ebdfaa5d4b66 -> 492bbd74fec921836cfd372948f4dbd7
  custom:scripting/monoscript/fileName/UtilsSetter.cs: 797ff9336855383f754725fb0efe4047 -> 0a5a7caf3f0b736f4e1e6f433ebdfae6
  custom:scripting/monoscript/fileName/MToon10NormalMapKeyword.cs: d38978f972ac38c647d689538e3d545a -> 927d7f5e8541f586fb325b79d0bf995b
  custom:scripting/monoscript/fileName/ParserExtensions.cs: 61ee1a8295983eb467dce23a0a024b62 -> bdb652d2c143cdd32620b72efb1265c0
  custom:scripting/monoscript/fileName/Humanoid.cs: 91a14f09abfa9be74fc48fb5cb7f257a -> c775b00ef0dc57bbc8815466e1c52474
  custom:scripting/monoscript/fileName/VRM10BoneSelectorEditorTool.cs: 54f926f5b42ace31dfd968209432efff -> 
  custom:scripting/monoscript/fileName/ListSerialization.cs: aa2ec6d4398b37c4f4eb8ade92ce5ae1 -> 3a06fd9991deed56f9ffd0df6e9eb228
  custom:scripting/monoscript/fileName/Utf8StringBuilder.cs: e359a526b9f26702d11df7af254d515e -> 5e05f8cf9abfece8bf40142e91462af4
  custom:scripting/monoscript/fileName/BvhChannel.cs: e4d85981e7f4fddd813026c92cfe86e3 -> 5ede03a0f0051597b74a2623a1c51b09
  custom:scripting/monoscript/fileName/MToon10RimMapKeyword.cs: ec27bad2822e5cbd1b082ab9ba0c64ce -> b4abacc2690447eb418986b2037b71bb
  custom:scripting/monoscript/fileName/MigrationLegacyUnlitMaterial.cs: 8483d7c7d9b910e21740b523ee5527d5 -> 
  custom:scripting/monoscript/fileName/TextureTransform.cs: a4104e53e6b8190d273cee04862bcb35 -> b259294afb6c63d3b4324a85b9198221
  custom:scripting/monoscript/fileName/Vrm10RuntimeControlRig.cs: 5b4da2492b8653314d4c20799bd6fe82 -> 
  custom:scripting/monoscript/fileName/IWriteStreamTest.cs: b1f5cabbdacf90fd38a2d462942f2e09 -> 4559db1480ce23ddbffc79ed8ffa0daa
  custom:scripting/monoscript/fileName/ImporterContextSpeedLog.cs: 932f25f0bc0f7e38ea4ddd411412eb7b -> 5f87510d4ad368472c7bc5ee73c92c4f
  custom:scripting/monoscript/fileName/FieldSerializationInfo.cs: 03cbf150ac322c0eb0b01eb488c51d7e -> 29d3aa07216ebdef71614d4e0f9962b2
  custom:scripting/monoscript/fileName/GltfLoadTests.cs: 3ae4a0b814148fee5c3c620019e2a7bc -> 30c34d5747488df924f55fc5b04d4ef8
  custom:scripting/monoscript/fileName/ExtensionSerialization.cs: c71d953412d776c54ce30d6a33f403cf -> 2f4b576e30bc7f764e8f95298519b856
  custom:scripting/monoscript/fileName/MToon10Migrator.cs: ce5942a2b5b5bbe0ede23050ed12465c -> fbf6832e02d641c3c797e66abf984eff
  custom:scripting/monoscript/fileName/Axes.cs: 67b0df88459360a4f718bf4a2beb574f -> bc4f6def395ecfc76826d3dc1f8c4716
  custom:scripting/monoscript/fileName/GameObjectType.cs: df61f6966f11460bd366052b2d558a61 -> a59650e4a0bdbca063a8e50942c4fef7
  custom:scripting/monoscript/fileName/ConstraintSource.cs: 03d77cdb6f1fa1bd362516b97744ae07 -> 
  custom:scripting/monoscript/fileName/NativeArrayTests.cs: ffcde0b5f9206e74d5882cea0f67b196 -> aaf3652a18f8ff50c7d08c4c339ca173
  custom:scripting/monoscript/fileName/MathFWrap.cs: 6e706ea3bbe867bc9296e43a5db96585 -> 
  custom:scripting/monoscript/fileName/NodeAnimation.cs: 5baad3f296a3ff233865e567bad512bc -> 
  custom:scripting/monoscript/fileName/TabBar.cs: 15d37ee8e919fbafe4fc6bc7177f33bc -> ef603ad466dbd4da3ed8a771b6383262
  custom:scripting/monoscript/fileName/MeshData.cs: dbc6fc052ba114dacaf5f4afde629a7b -> f59266672195c6245319ad2b4a331daf
  custom:scripting/monoscript/fileName/ApiSampleTests.cs: a85b3174ad57281cbca3fa9d025e98e8 -> 
  custom:scripting/monoscript/fileName/glTFSkin.cs: ad8ae90b8fbc7d220e26fd114228a48a -> efc7767565e7aaee230724fc295987d0
  custom:scripting/monoscript/fileName/VRMVersion.cs: 762b0d917cb2cfe33bbf71e8a031f011 -> f968b76bb32a80450b6ea26facc7aaef
  custom:scripting/monoscript/fileName/ProgressInfo.cs: adc0561143fa01ce486c806a5597b6d6 -> 4fe0fd7b471e0d476c7918114319eb33
  custom:scripting/monoscript/fileName/CachedEnum.cs: a30a3d36cc5e841238f2eadce7fdfbdd -> dc2635cd82ead7d8a749ca54e3acd278
  custom:scripting/monoscript/fileName/ExpressionEditorHelper.cs: 7c5f031fa33cff4e88a8faa359d09a5a -> 
  custom:scripting/monoscript/fileName/BlittableTransform.cs: eab460ddd7beeac4a99113cf9e4ae89f -> 9dcb7b0f68d70f06e1ca0f15858d0928
  custom:scripting/monoscript/fileName/UniGLTFPreference.cs: 6941df591a877cdab330286401f0f647 -> df0d3a6ebe6d1f2e9a8053bf580b2bf3
  custom:scripting/monoscript/fileName/MToon10Properties.cs: fc9030e6b6813d1b6609428377620e79 -> 58cbee0245d07c0eced4fa99177ed30e
  custom:scripting/monoscript/fileName/glTFTexture.cs: 454e95a8dc42ef392959e19d3a2e54a0 -> 0c9222fdc89272f5df3742dc94d3046c
  custom:scripting/monoscript/fileName/FastSpringBoneScheduler.cs: f52251abaa9bb0f63774deec48998475 -> 2ee38f580e278e1dd938d8b29627a270
  custom:scripting/monoscript/fileName/MigrationVrmMeta.cs: 6799c253cd0ab44c32691fa67d4ebe3a -> 
  custom:scripting/monoscript/fileName/ReorderableMaterialUVBindingList.cs: 6cb19fd60b293801b724f68c1b989be2 -> 
  custom:scripting/monoscript/fileName/NextFrameTaskScheduler.cs: 7978ae0ba69f0a50b000182fd70d39f6 -> f8b9c16a76205240a49e282d0161842a
  custom:scripting/monoscript/fileName/StreamStore.cs: 28411ab8e8aa5117e5e15ea0edd55850 -> fae0c70235d73aa609af23a26e5c7666
  custom:scripting/monoscript/fileName/Vrm10HumanoidBoneAttribute.cs: 2bd6fcb87307dcc3c41c9a4c325d61ee -> 
  custom:scripting/monoscript/fileName/Vrm10Exception.cs: 2dd70495a5da1ba2c2301c46d0ff0f73 -> 
  custom:scripting/monoscript/fileName/BuiltInGltfPbrMaterialImporter.cs: 798ea254f875eed335f378f82a280cc5 -> 7cf697a6829ff3f079ab55df1cc3ccbc
  custom:scripting/monoscript/fileName/BoneInitialRotation.cs: e6ffba5e0487c80e497f4410a906b461 -> 
  custom:scripting/monoscript/fileName/PreviewFaceRenderer.cs: 7afb2dc47eef7e05d6677137a12c312e -> 59b0ce3cd9233bfc824c4276a6774f9c
  custom:scripting/monoscript/fileName/MaterialValueBindingMerger.cs: e080647ff8a6c2b5a84d044bcf1d14bf -> 7ebe79937a173aaebf899cc05f2bc60e
  custom:scripting/monoscript/fileName/IAnimationExporter.cs: 46d29059cfc2469ad38aecc89b860531 -> fcf4543716d96291597425ec6919b039
  custom:scripting/monoscript/fileName/ImmediateCaller.cs: 9650d8a669d0d395d6f6d85f97d45467 -> 49ba7533b1e31777bc5c95c99b168808
  custom:scripting/monoscript/fileName/ConstRaintException.cs: 7bf6cb5d74ab46bd3fad82b4f90f2ec5 -> 
  custom:scripting/monoscript/fileName/ReorderableMaterialColorBindingList.cs: 634147c05db9e6c6c7bf8b11db645af2 -> 
  custom:scripting/monoscript/fileName/NumericsExtensions.cs: dac107751fd386681f414d49ac05baa3 -> bd18460c6afb935f7ef327d89995bd43
  custom:scripting/monoscript/fileName/PrimitiveJsonSchema.cs: 86db8590e759a1db0902d4eb203bd14b -> bb28ad1003f2edb252b7bae5e2acbea6
  custom:scripting/monoscript/fileName/Vrm10PoseLoader.cs: c41fa1f086d7cc70ba5a24261c822a70 -> 
  custom:scripting/monoscript/fileName/StringKeyDictionarySerialization.cs: 30f69a80f4b2e5d5be0216b82ab5d063 -> 877eca3102b3df155e2032352fa65310
  custom:scripting/monoscript/fileName/MeshImporterShared.cs: 59b10775ff874e5a053e09dfde0c3a86 -> 
  custom:scripting/monoscript/fileName/JsonDeserializeTests.cs: 5c3995a931c357adb363b6b5908bc941 -> 1d8a647b9cdb38f6a123f291587ca7e2
  custom:scripting/monoscript/fileName/glTFBuffer.cs: d7d27712abe46a45470a5307a19294e3 -> 750931046ef20016e81aef74d71a7085
  custom:scripting/monoscript/fileName/XR_FB_body_tracking.cs: 323c5b65168c00f8c8e2a0b18df0640c -> 
  custom:scripting/monoscript/fileName/ConcreteCast.cs: 89d1fa71e45d485e67aa37118d9ba1f0 -> c90c5939682fadf69357bddeeffc60a0
  custom:scripting/monoscript/fileName/UnityAlphaModeKeyword.cs: 4baf3df3005e5c4667680de2c8334ed3 -> 4eec478cf11f0b3ff4208b31f91632b1
  custom:scripting/monoscript/fileName/Vrm10.cs: 879821221dab50706491e4988ab5a3c7 -> 
  custom:scripting/monoscript/fileName/CacheEnumTest.cs: be76c8c1dbb06a56b5e4be39a9141166 -> 25962ad77e46fa3afa3a7241c68fecb1
  custom:container-muxer-webm: aa71ff27fc2769a1b78a27578f13a17b -> 
  custom:scripting/monoscript/fileName/EditorTextureSerializerTests.cs: fb8a5cb04aa9a0caffd85f84dd37a63a -> 8cd4f599bbaf73a69fef5afdc1fad7ec
  custom:scripting/monoscript/fileName/Vrm10InstanceEditor.cs: e989dbbbf26b146d94c6f2b3d868f5f4 -> 
  custom:scripting/monoscript/fileName/MorphTarget.cs: e8c6a0dd65bc85a879672101ee125d22 -> 
  custom:scripting/monoscript/fileName/CustomInspector.cs: 0a3f3f3f7a65738c5f17a9d248a9da27 -> 
  custom:scripting/monoscript/fileName/MaterialDescriptorGeneratorFactory.cs: a223bb47183db8c2cb9656b7e17b3355 -> 
  custom:scripting/monoscript/fileName/GltfMaterialImportUtils.cs: 57bbe64b9145a56a8aa5e11b92e333c2 -> 4786b6b1e409bdeea444fd8beccc6a05
  custom:scripting/monoscript/fileName/GenericCallUtilityTests.cs: 8af42db6271962ac33e1d213f77faa9b -> ba1481b81eb21b355ad8775eaf938a61
  custom:scripting/monoscript/fileName/ListTreeNode.cs: 0555a49c0319f98c4afa4ddeedd369ff -> ab5e0273537bc840d947e29a63a49c84
  custom:scripting/monoscript/fileName/SamplerParam.cs: 89233758ec2bcab8f11a2d945c4aeebd -> b01128626d194e4b883085e8e03a54d5
  custom:video-decoder-webm-vp8: 9c59270c3fd7afecdb556c50c9e8de78 -> 
  custom:scripting/monoscript/fileName/BvhException.cs: 8dd91b3f7951338e856a9059ef9b4a3c -> c68cd06a20c3167ff78c7ec992c431ce
  custom:scripting/monoscript/fileName/glTFMaterial.cs: e8b1d990282f7aeb0ef5047f738d8a1f -> f94620e82230a7cf69173e131ecf9cb0
  custom:scripting/monoscript/fileName/GlbFileParser.cs: fa42d3e2089fe6ceb84ca9a0018cd417 -> 6529648977a32fbb6af8f32bb0b353ae
  custom:scripting/monoscript/fileName/NullableSerialization.cs: 6dfb3fb6eb38e85be3209083f2096840 -> b9e3507a9fb1b41472de5b75a8501d4e
  custom:scripting/monoscript/fileName/JsonFormatter.cs: 95a22edb44e3a8767572727227cacd87 -> 90387dcda09ae9a56c26530f765b0642
  custom:scripting/monoscript/fileName/ExpressionKey.cs: fb5dca45d284dd89b726f3487d543f30 -> 
  custom:scripting/monoscript/fileName/BvhExtensions.cs: e71adfa7fd9b8042fb1c64be30885c33 -> db1787c5152eb2f12bd1d32e4b4d3f05
  custom:scripting/monoscript/fileName/MigrationVrm.cs: 2362790a6c0f4b451d9dfd2b91ff11cd -> 
  custom:scripting/monoscript/fileName/MigrationVrmExpression.cs: 69ee9447239703d2bd4bd5d5fb568a31 -> 
  custom:scripting/monoscript/fileName/MaterialImporterParamExtensions.cs: 3c30aae638e99203f3950ea59e5450cf -> 017b606073d83d53898ee7ba64cb952c
  custom:scripting/monoscript/fileName/gltfExtension.cs: 25fce9c9901c6f4bb3b405d5f3f55a35 -> 9db617dd735d931d2629b0ae88a31c6a
  custom:scripting/monoscript/fileName/BuiltInGltfUnlitMaterialImporter.cs: 9576f5b9e36ba32b9a3ef6a1d09a8df9 -> faa5cd853b313be9bbd3d6e825f0783e
  custom:scripting/monoscript/fileName/IFormatter.cs: 0ae5a696a5fa40a58b678277e14e14ef -> 290d34f741d125457f867f7977e74c99
  custom:scripting/monoscript/fileName/ZipArchivedGltfFileParser.cs: 674d95705fbc4eb58b0e5b71a33dfb64 -> fa2b61af24674c039f09f4423822f112
  custom:scripting/monoscript/fileName/BuiltInFallbackMaterialExporter.cs: 8261c861be7577a28239b2074cd3f39f -> c117a33a0da92dd48f2391e413020737
  custom:scripting/monoscript/fileName/EnumFlagAttributeDrawer.cs: bc2f19242ac6d0bed1d5b929981fbb00 -> 
  custom:scripting/monoscript/fileName/VrmScriptedImporterEditorGUI.cs: 225e2a65bad6df0acca7d73d5de1b8a6 -> 
  custom:scripting/monoscript/fileName/HumanoidBones.cs: 4e787dc53923d0253cd4b9b1f0e0ce94 -> 
  custom:scripting/monoscript/fileName/BvhChannelCurve.cs: 2834b33cc5641a71f712d7c9c2715bd9 -> 89fcf96009cf8acc32f4c5ffe2a9476f
  custom:SearchIndexIgnoredProperties: e643bd26f0fe6173181afceb89e7c659 -> 
  custom:scripting/monoscript/fileName/JsonSchemaBaseExtensions.cs: f1a63cafc847870d58f86ed7ab37b368 -> 2d349148793b262d05d515bb3a3e2201
  custom:scripting/monoscript/fileName/Vrm10InstanceSpringBone.cs: 12aea59ea59882c3728c88949474be42 -> 
  custom:scripting/monoscript/fileName/BuiltInGenericUnlitMaterialExporter.cs: 4f5d98586ddebf264388af0a858d21b4 -> eec19330f604a01ccb8bcb7aec4c3f3f
  custom:scripting/monoscript/fileName/BvhBone.cs: 82bfa6c711a01ce49bf0ce43fd109338 -> a6b98fc221c35fd189fabb4230c51d22
  custom:AudioImporter_EditorPlatform: d09bf68614088b80899f8185d706f6e7 -> 
  custom:scripting/monoscript/fileName/IBone.cs: 2d41fe8cf9882e9b6460e94fe66936cf -> 7af7a83461cc7cd160950244ae992186
  custom:scripting/monoscript/fileName/HumanPoseClip.cs: 757c159eb9bf006ebb794351291db425 -> ffd98585ac0a73f8e8dfaf3900c359bf
  custom:scripting/monoscript/fileName/Validation.cs: 647874e9aeee1337f988af1c2d600cbe -> 0351efae1750ffa6fe5b86f59398a18b
  custom:scripting/monoscript/fileName/VrmScriptedImporter.cs: 60f6e267a253f19ba1460f4251f64451 -> 
  custom:scripting/monoscript/fileName/RuntimeGltfInstance.cs: 246761510d8b722304ce81eef95a42f5 -> 6b03638cf26cc23ad2215857f52b588f
  custom:scripting/monoscript/fileName/MeshDataTests.cs: 189230653d9232cd12ad960e4e139aeb -> bdebd87a8a4a095c0fcfdee2f908a556
  custom:scripting/monoscript/fileName/Vrm0Meta.cs: 11d2fd0a653f903154f2c052c48cb7c9 -> 
  custom:scripting/monoscript/fileName/BuiltInStandardMaterialExporter.cs: 706163df021384cf936c1ac0471f86ba -> 7caaba0ee100fc6fbf099a8bef7b00f3
  custom:scripting/monoscript/fileName/IStorage.cs: 21f0c0d46521589c7858304bd2cf4ec9 -> 18762e144446a8d91ecb9569f8e95aa4
  custom:scripting/monoscript/fileName/ConstraintAxes.cs: 0cc8f46c9f91c1bed840554d2c2380ba -> 
  custom:scripting/monoscript/fileName/PreviewMaterialItem.cs: 903e397025411c415bce130626a28fc6 -> 
  custom:scripting/monoscript/fileName/AnimationClipFactory.cs: 563ad501f153806dfafc1d05fb1dd5cb -> 2b52c9a9340c6793da2de23d2a330220
  custom:scripting/monoscript/fileName/MigrationTests.cs: 57c6f667f1c438a664ddb3f65be8eb17 -> 2a1842b9f7c12335a7bae608ba6bc930
  custom:scripting/monoscript/fileName/PreviewMaterialUtil.cs: ba1a9c7fa79e5afc6f7d82ba87b03782 -> 
  custom:scripting/monoscript/fileName/TypeExtensions.cs: 4ed453b4dba8d257d2ffcace2200ec6b -> 13b943db30ff7ef64d4e1d4ef63405e0
  custom:scripting/monoscript/fileName/UniGLTFVersion_partial.cs: a558dfb8a9983803c876933a4758c1b6 -> 65572c20223c3770806260908b56e8f4
  custom:scripting/monoscript/fileName/IExpressionValidator.cs: 49b1c41f6eec763773db5e35b6870ccd -> 
  custom:scripting/monoscript/fileName/glTFMesh.cs: 8c44b065d26e95a9798850945e824fb5 -> f71c3a0d50dae54b44a762d540c1f95c
  custom:scripting/monoscript/fileName/WeightsAccessor.cs: ecde6251d14bd650f528dc4e88df1e88 -> 465d11afaac9f686004d9f4f1b0782ad
  custom:scripting/monoscript/fileName/TextureExtractor.cs: d9898b251767192d9ebf0e10047b5016 -> 748b5b3978bf08bb20d8b15f92ebf32d
  custom:scripting/monoscript/fileName/RemapEditorBase.cs: c77f09427c874efa4d033ecc997d74c9 -> fe6caf0d19370520d118f7a8532df945
  custom:scripting/monoscript/fileName/GltfMaterialExportUtils.cs: 0e0535e8b60f4232f561ec02839e04e4 -> 31afcc8c2f10e14ea683566b15281ad7
  custom:scripting/monoscript/fileName/BlittableCollider.cs: 8bd675734fb590dc38eb74a02f4163fa -> 2eb99af84e91389aa9ef09b1a9bf2ebe
  custom:scripting/monoscript/fileName/FastSpringBoneService.cs: c569fa501fc135d6f165828447515e3e -> 9eb72cf0bf4d1ec7bb1eb263fc414a8a
  custom:scripting/monoscript/fileName/ImporterContextExtensions.cs: 2e1fc2020bd55e807bc10dab7ca821ad -> aba27141bf133026e8b7bcbb7d0a3485
  custom:scripting/monoscript/fileName/UpdateFastSpringBoneJob.cs: 234e2f34d8eb76d9f4add6fc1caaf4c6 -> 
  custom:scripting/monoscript/fileName/SafeMarshalCopy.cs: 12827369d05ff94037c0034c1a743ffd -> 46572063864870858c225c3d5cce2759
  custom:scripting/monoscript/fileName/LabelScope.cs: 3c3795fdc9f195f8ac55982c539aed85 -> 21592f88e047f1282603498324fb3c60
  custom:scripting/monoscript/fileName/VRM10ObjectFirstPerson.cs: ea21de1fcf090ebd532ca022a2ec1b41 -> 
  custom:scripting/monoscript/fileName/AutoGltfFileParser.cs: ba90ebcd217b7a1a25ad4a4ca51bfb5c -> a38786e26facfc32006719fc2d5002c4
  custom:scripting/monoscript/fileName/M17NTest.cs: cfb4801addcfd4e111b8909fd0af8d5a -> 13b7acbc20802aab78724503a6a315a0
  custom:scripting/monoscript/fileName/VRM10SpringBoneJointEditor.cs: c60b35cc5120925163129daa5cfb6e39 -> 
  custom:scripting/monoscript/fileName/glTFAssets.cs: edc05938fff37367a829822379c8cf6a -> c84ed51694058853970eb24e2f89bbff
  custom:scripting/monoscript/fileName/Vrm10ProjectEditorSettings.cs: 6a10b0872447ded20e325ce2f3cdfadd -> 
  custom:scripting/monoscript/fileName/BoneMeshEraser.cs: c8fbccf83ed1cfd017475cc36311bbf5 -> 570dfbd3e36ce4c855143a6a1f3c2d29
  custom:scripting/monoscript/fileName/UtilsVersion.cs: 797ff9336855383f754725fb0efe4047 -> 0a5a7caf3f0b736f4e1e6f433ebdfae6
  custom:scripting/monoscript/fileName/SubAssetKey.cs: d3dd21520d8a5fd2426deed39a0d087b -> 16486036354b47b279f1f928ef7aee82
  custom:scripting/monoscript/fileName/Vrm10AimConstraint.cs: ed5b4ced0cfa5cf879350d7f11c1a608 -> 
  custom:scripting/monoscript/fileName/ConstraintDestination.cs: e0b35e55beaca809993a9da1ea357f93 -> 
  custom:scripting/monoscript/fileName/ArrayByteBuffer.cs: 8ef9efa103ed2f380c826b6cd05e55c7 -> cd44922d21bb0fc7647c16bb0f81c49e
  custom:scripting/monoscript/fileName/bvhAssetPostprocessor.cs: 809f5c1d8c56a75015034c44bccbf13d -> 7f9f52f395cb013c636da0bbe2f099e0
  custom:scripting/monoscript/fileName/MeshExporter_SharedVertexBuffer.cs: 173623bd4d01f95b91c2aa2fe34a942e -> 72d97ad6a7f66a9d71afc1fac510e8f7
  custom:scripting/monoscript/fileName/ExtensionJsonSchema.cs: e80167bf0037d200f7c48d6a2dce9250 -> 73e61f62b50e33450e019f66e87205b2
  custom:scripting/monoscript/fileName/Vrm10HumanoidBoneSpecification.cs: 0c70a631f0cb43f344302ccd8d80d31f -> 
  custom:scripting/monoscript/fileName/BvhEndSite.cs: f64552a5e9f43c5525e36f35e67e6364 -> 12e475407a181e3f6a4090ed2f23abd7
  custom:scripting/monoscript/fileName/DefaultExpressionValidator.cs: 096bebceecb3b1787dd95f686283bcba -> 
  custom:scripting/monoscript/fileName/MeshExportInfo.cs: 53733ccdb060bd0f352d06f113509f94 -> 5f70f6e881ae38de54eb863607fbdc3b
  custom:scripting/monoscript/fileName/CopyIndicesJob.cs: 24126faf4a7fc648bbf191326ce0fa9c -> 
  custom:scripting/monoscript/fileName/MeshTests.cs: 87f4c2ce8be2bcd64814cc103a062741 -> 917a890454e58beda590b672f359b32d
  custom:scripting/monoscript/fileName/StringExtensions.cs: 438d9d23e8801bc4bc409ceb838d58d8 -> 7e3c1f7becdc7ae59eba0d9897e43e5e
  custom:scripting/monoscript/fileName/MaterialColorBinding.cs: d3ca37cc1f2ac2d0506df2884be31189 -> 
  custom:scripting/monoscript/fileName/MToonValidator.cs: 733d7b91dcbfc3c9f2beacce9f430acb -> 5ee78668e67ad1ca0ae91385d4743bd5
  custom:scripting/monoscript/fileName/UnityEditorSettingsValidatorWindow.cs: 3eb80f8a312d4d987f19502d57d616e4 -> f972f51d351b5fb9cbeeb8e33a68789a
  custom:scripting/monoscript/fileName/ScrollView.cs: 30647434557732025a393fb8ad6be132 -> 
  custom:scripting/monoscript/fileName/UtilsGetter.cs: 797ff9336855383f754725fb0efe4047 -> 0a5a7caf3f0b736f4e1e6f433ebdfae6
  custom:scripting/monoscript/fileName/Utf8StringExtensions.cs: 0983c1e675c42d4b7024806f80bc1794 -> 9f43c0a50aaffe9cf9d3a085ee2335c8
  custom:scripting/monoscript/fileName/TreeTest.cs: 0629980c56994ddd7dfd54a7c92eadac -> 32a98deab4af9ea4a536cb1b479db903
  custom:scripting/monoscript/fileName/CopyTextureTests.cs: a7825d13a6e4d2479b3937a6ec422340 -> cbbbf9702d78827491afd108803a0872
  custom:scripting/monoscript/fileName/GlbLowLevelParser.cs: 2e1f95e265b2d1635cba01505d896b79 -> 60550ac24e7981ffc834a33f54e6ef69
  custom:scripting/monoscript/fileName/BytesReader.cs: 106abf49a2bc811acf8eb2b6637edac6 -> d0b8fe255df5f80759fc9f3f956573e7
  custom:scripting/monoscript/fileName/MToonDefinition.cs: 86d7c7a5d8ec02620d36f124beff8e54 -> f6d1fba24a7ffedb00e60ca62de4ba2a
  custom:scripting/monoscript/fileName/PrimitiveSerialization.cs: 265f92be633a7fdf67a43084c6ef449b -> 2f5d4c3f5e382b094a732797f6288471
  custom:scripting/monoscript/fileName/Vrm10ControlBone.cs: 1e0b538687410442cbb7c0836fa8f410 -> 
  custom:scripting/monoscript/fileName/NameValidator.cs: 97878f145c60fa59ef0ed604e99f8154 -> 5cba2412da1ac589db304db0002f7958
  custom:scripting/monoscript/fileName/VRM10Expression.cs: 816e58d588332424b4febc58a2e91193 -> 
  custom:scripting/monoscript/fileName/UrpGltfPbrMaterialImporter.cs: 674c50e5046729677713e1600f9d97a7 -> c2375d0a6e2dcd7eef711c7bd25d74ce
  custom:scripting/monoscript/fileName/MuscleInspectorEditor.cs: e96fed0802dd7654be95ef8989f78a99 -> 1ec829d3bd0e1b06682fd2d07a56f82d
  custom:scripting/monoscript/fileName/Vrm10RollConstraint.cs: 5ebd0681c1419fffb3750e672c26339e -> 
  custom:scripting/monoscript/fileName/TextureBytesTests.cs: 08df59eb5d6627a39c680e0efd1180c9 -> 151f6aedfc444301b15ba56c70fec088
  custom:scripting/monoscript/fileName/VRM10SpringBoneJoint.cs: f9829b608863da8f6ac89c9a49f49189 -> 
  custom:scripting/monoscript/fileName/glbTypes.cs: 1c581ab9cf33b4cf62b5ca3ea283aa02 -> 832e3618c72d070541abcf6b17e60047
  custom:scripting/monoscript/fileName/MeshProcessDialog.cs: 43aeb9e7734a7a05b45eedf5d1e8ef13 -> 79688ae1f62dc6874ba5af8d2a91b7c9
  custom:scripting/monoscript/fileName/Format.g.cs: 51bd6ba30551f90b5007bbdb703355c1 -> ba0ca39e29a8cc36e47dce661c524991
  custom:scripting/monoscript/fileName/GltfExportWindow.cs: 34e0f37c53ed4f89c2a6734ff053bfe8 -> 5413618936df950702d9e1d86addba7a
  custom:scripting/monoscript/fileName/NativeArrayManager.cs: 71257fb3c5a3f701d341b620f0b3a275 -> 9e9db56d63bf53f3cf1163c899c8a48e
  custom:scripting/monoscript/fileName/PathObject.cs: 0a0c0553e4b8faca49abe32f04c1d767 -> 84a3b7085766730e40ab062286fcbd53
  custom:scripting/monoscript/fileName/TextureImportName.cs: e94195ebaa4175b95cc8de4e5955edc2 -> 156f8e9b1145994482fa0fd36b13b901
  custom:scripting/monoscript/fileName/glEnum.cs: 2697829b8ae032675a1da149869a1ddf -> 287d4fb6a93baa41d34a4193844d30df
  custom:scripting/monoscript/fileName/Vrm10ProjectSettingsProvider.cs: 08726ac6f65afe1872d3c1a408462371 -> 
  custom:scripting/monoscript/fileName/VRM10ObjectExpression.cs: d15b73bb0d78310ef67c12310e08f5ed -> 
  custom:scripting/monoscript/fileName/ExportArgs.cs: 822d5bf203f9990684791742b8a04722 -> 
  custom:scripting/monoscript/fileName/ITPoseProvider.cs: d3826adc375e0921db973893ef3225bc -> 
  custom:scripting/monoscript/fileName/BoneInfoDrawer.cs: 8531cbb9b61ee9e2bd6af4db132f1ef6 -> c9690175d9990bb694eba96bc89bc2b1
  custom:scripting/monoscript/fileName/EnumFlagsAttribute.cs: 77dca65762c55a94909423283da43159 -> 
  custom:scripting/monoscript/fileName/BuiltInGltfMaterialDescriptorGenerator.cs: 4b42ae41a1e5e114341177ffae51fd1a -> edf71400bcb420a87bbb5600acf33056
  custom:scripting/monoscript/fileName/MaterialTests.cs: 54171ec56ee0aa4dd65b6d9b3a9db4cc -> e4652b06e35f5956dd4944c2a2894fa6
  custom:scripting/monoscript/fileName/GltfPbrTextureImporter.cs: 2ac8b7f339557e1b4425a65c0572008c -> b88ac1a3ca87fcd83b252a2db60c5d28
  custom:scripting/monoscript/fileName/Migrator.cs: 4d9ad9bbf97a0680161b2e39376ffa27 -> 
  custom:scripting/monoscript/fileName/VrmAnimationExporter.cs: 8e308024024fe156394fc3b6a0e65b4c -> 
  custom:scripting/monoscript/fileName/VRMVersionPartial.cs: c799b387204b7e1bb925f38f02947533 -> cffbbe6afcac00dc9d853901cdb294ba
  custom:scripting/monoscript/fileName/Vrm10TextureDescriptorGenerator.cs: 826af16da9ad65711e110186378dfb5e -> 
  custom:scripting/monoscript/fileName/BoneSelector.cs: faf55d5eb7604e46ce933843d96037eb -> a02b3320ae967e0a52e2137f7fa2b622
  custom:scripting/monoscript/fileName/FastSpringBoneCollider.cs: 1cedf128be1a5f8d24363fc5c9b2a6b7 -> 
  custom:scripting/monoscript/fileName/TextureExporter.cs: f937c4294b85a3b0498450b3ebde1556 -> 6d11676e3e6808b8c1b6727a1a70dc75
  custom:scripting/monoscript/fileName/HumanPoseTransfer.cs: 298bb673f2e45e83c6e3d33789cc997b -> 13b7c1acc16a5523169ee6d4b0185a0f
  custom:scripting/monoscript/fileName/UrpVrm10MToonMaterialImporter.cs: 3d74516573c7a2d7e605d06ae8fce0a5 -> 
  custom:scripting/monoscript/fileName/PreShaderPropExporter.cs: f03d5bf21a7f46b5d57190d0483fca7e -> 73ec0892d398a02cae8bed69a47a1331
  custom:scripting/monoscript/fileName/BlendShapeExporter.cs: a52e8a39315e915081025cb2dbb7691b -> 187dfbb386788c64611f7e060fe02dec
  custom:scripting/monoscript/fileName/EditorAnimationExporter.cs: ef687f98b83ca1e8d3be5fc8f181f02c -> 7157a8aa711cc869b211ea819c7e5652
  custom:scripting/monoscript/fileName/MToon10Context.cs: 34f5cc607a0a96f4e1afe610dfc09913 -> dfbc585eab73196012918fb6ed458177
  custom:scripting/monoscript/fileName/Utf8Iterator.cs: 704e1c469bf44c4f3017825e409cf994 -> 2e4e7a1f667ae58ab66c4c625401512c
  custom:scripting/monoscript/fileName/HumanPoseTransferEditor.cs: 951f0b73417e22cfbd70850af44d3fff -> f22996fef46aecc5b6ca5c9c9cd8da3d
  custom:scripting/monoscript/fileName/VRM10RenderPipelineMaterialDescriptorGeneratorUtility.cs: 60c97b8218ef8750d9bc1b18975a5756 -> 
  custom:scripting/monoscript/fileName/CachedEnumType.cs: 8f6297df34271fdb1ce2d9607ec6261d -> 90647cc400823b41df847a6cbfc29026
  custom:scripting/monoscript/fileName/RendererFirstPersonFlagsDrawer.cs: 96c770cd9e03b8367a6f84d023b8cf24 -> 6dc47506531c83b7d8f9b3356ec7d6ff
  custom:scripting/monoscript/fileName/JsonFormatterTest.cs: 74105c2ccc7de793dd2c4e0b6e1fd129 -> 8c9fc310e86a588989e64fc58161bf8f
  custom:scripting/monoscript/fileName/VrmAnimationImporter.cs: 9fe9ca4658e15a63b3139d24c6e62bc3 -> 
  custom:scripting/monoscript/fileName/LookAtEyeDirectionApplicableToBone.cs: 39b9cf2dbf353dda241d6c3ba10f154d -> 
  custom:scripting/monoscript/fileName/MaterialValidator.cs: 07dcb4afa3854631543405800220e1c5 -> 40758af1ff9bddb3c8fedc5c40c435c3
  custom:scripting/monoscript/fileName/Exceptions.cs: 7d9d75597dac29e7c232cb2f0a472970 -> 5577e6602173bea4a9d8aaccf03fbc39
  custom:scripting/monoscript/fileName/VertexColorState.cs: 29a810be1a9c58bd3dd8f4e01f9cf53e -> 5e2db57d537b5cc485a65757370bfc28
  custom:scripting/monoscript/fileName/TransformState.cs: c92941d5547a8f91ba2b586774476b32 -> ddbfdb9c7411f33ce27d7b8867e54c3c
  custom:scripting/monoscript/fileName/GltfExportSettings.cs: 9410df13660bedc82a03a884bc019f61 -> 9c6754f78031fa797cac3a8c9ca2d903
  custom:scripting/monoscript/fileName/EnabledScope.cs: a52f3e36fdd667b4cc65e0bdc33f1613 -> 40aee715350d9a4b47d459e6f0351fe0
  custom:scripting/monoscript/fileName/MeshWithMaterials.cs: 429c6becc55c3c967515134278e1a69f -> e371fb54b64467f3bdf5e867f3159e3a
  custom:scripting/monoscript/fileName/SerializationTests.cs: 9bfce86a553b82fe5280c1c2e9cc8816 -> 
  custom:scripting/monoscript/fileName/EnumExtensions.cs: e74069821127e46bc2575f8a93f3626e -> cda0742409c4e8ba02ffb7d89dff3e4b
  custom:scripting/monoscript/fileName/UnityExtensions.cs: 4916b98338825f45c47f7fdbde8ba798 -> 666b17f23d066263aba4c9111615a8be
  custom:scripting/monoscript/fileName/EditorTextureSerializer.cs: 423233369318ab66b7004b22bbe331fc -> f287be64025bfdbb04d4cf5da2ca13a3
  custom:scripting/monoscript/fileName/Vrm10TopMenu.cs: f89f50c7997373e91f1f86844e64130b -> 
  custom:scripting/monoscript/fileName/PushTransformJob.cs: faf6ea2d0c4636dbda28c697ef7402f6 -> 
  custom:scripting/monoscript/fileName/VRM10SpringBoneColliderEditor.cs: 85a2ce3485e6e59562dd9930a182c84b -> 
  custom:scripting/monoscript/fileName/Vrm10Importer.cs: 5207421bd0de810d2a4c1900cced593d -> 
  custom:scripting/monoscript/fileName/BuiltInUniUnlitMaterialExporter.cs: 7d2a33eab2ce4ebb5ff5297588cba7fa -> 9af3211235477230cff0c42e65783b6a
  custom:scripting/monoscript/fileName/IMaterialExporter.cs: 45486c7727db484304c9347a617a6a16 -> 49f9aab8e4f7178667565bdd6a354a2d
  custom:video-encoder-webm-vp8: eb34c28f22e8b96e1ab97ce403110664 -> 
  custom:scripting/monoscript/fileName/MeshVertex0.cs: 0348f46a941d14bf5fd2e1d13c8124d8 -> 17705d56457555ff0c5ca1db68847dcc
  custom:scripting/monoscript/fileName/Vrm10Data.cs: bae6a0b20f2950d70ce465117a947c51 -> 
  custom:scripting/monoscript/fileName/UShort2.cs: 2dcc0162fdea1ad5dd56605b2d7e0307 -> ff8460427a84328a0c71a2e5f07d6e29
  custom:scripting/monoscript/fileName/IPoseModifier.cs: b005f8093be35cdca9e04104a11f3572 -> 253a5c07373d9092fc6933b0fb17bf68
  custom:scripting/monoscript/fileName/ExpressionSlider.cs: 3df092d7675c65c245c7670255161643 -> 
  custom:scripting/monoscript/fileName/XR_EXT_hand_tracking.cs: 1ac310857288d6ada4658c4753013669 -> 
  custom:scripting/monoscript/fileName/glbImporter.cs: 5f1ad5ca61555f4848edaf8797bae69e -> 4e2316fdd89563d447859610d75129e6
  custom:scripting/monoscript/fileName/ReadOnlyDrawer.cs: 6fc26ebfa0d65847640f30b47a2cecb8 -> 
  custom:scripting/monoscript/fileName/IVrm10Animation.cs: 895b9679d38b5c795175709725d8e11a -> 
  custom:scripting/monoscript/fileName/MuscleInspector.cs: 49812d745e6dfbfaa2f14922a42cdbf4 -> 449cca74388b7209ae0e46904ec289b4
  custom:scripting/monoscript/fileName/UnityExtension.cs: e5f14822624add6c7a9a42a3a172b5a4 -> 
  custom:scripting/monoscript/fileName/Vrm10ExportDialog.cs: 84bdb69c4e99dcea5590a22133fd033d -> 
  custom:audio-decoder-ogg-vorbis: bf7c407c2cedff20999df2af8eb42d56 -> 
  custom:scripting/monoscript/fileName/LookAtEyeDirectionApplicableToExpression.cs: 347911aa5c2b3edf919d84c304dd9745 -> 
  custom:scripting/monoscript/fileName/GltfSerializer.g.cs: 3f2fa0fa63cf3b3bf957313ff5789ea4 -> 8ef606e3722695fa3147e0149a428faf
  custom:scripting/monoscript/fileName/Vrm10MaterialExportUtils.cs: 7ee42fa17cd7f4780ce4ad399c0ba02b -> 
  custom:scripting/monoscript/fileName/MaterialFactory.cs: ac9e44f0625efa75ba2eb544f2f85e4f -> 9b908d9cdac32da573d5557e94805c9f
  custom:scripting/monoscript/fileName/GltfTextureDescriptorGenerator.cs: 4b2a8b63b7482f09a59b81f0344b2e5b -> ec8f1142ac9367ebcbb17c51d6d7ae90
  custom:scripting/monoscript/fileName/JsonValueTests.cs: 96d2e58dea5184e67a858b60499ea550 -> ca1cfd78edf4d74534c8364df5311d89
  custom:scripting/monoscript/fileName/SkeletonMeshUtility.cs: 55ca17e8b79a9a80a740bdb9ae9133f7 -> 8ab7b073f1fe9a999fd6e78ed4f79a83
  custom:scripting/monoscript/fileName/EnumSerialization.cs: b53dd990d8fac90f8ba444e9b217e48d -> 18275238779b769ea9dd7f7d348124df
  custom:scripting/monoscript/fileName/MeshWriter.cs: efc17a3f00fb2c72ac6b5fdf8b496db8 -> 
  custom:scripting/monoscript/fileName/Vrm10Retarget.cs: c9eb4f883453de64a0a99adc10c3b9c9 -> 
  custom:scripting/monoscript/fileName/RemapScriptedImporterEditorBase.cs: db11e5a3cbf3da88254d91d98958b693 -> a4f8117a8b5e29ab4fc8c3895590cbb5
  custom:scripting/monoscript/fileName/Skeleton.cs: c30707b41280e4837ffc5c0c18d2f219 -> 947d4a928d9f927d55aef8b0e5d9501b
  custom:scripting/monoscript/fileName/UnityEngineAndNumerics.cs: 7fcb9eaff1ed54abbc38d860a10d5239 -> f0348e189a0f1dc296d336acbcd31eb6
  custom:scripting/monoscript/fileName/CollectionSerializationBase.cs: 000d51be02918a34d4504a3f4c4aff83 -> 02f04de8621eda0f9ae92b1fca45c6be
  custom:scripting/monoscript/fileName/Serializer.g.cs: 225b389568384cde1c44060940d6a422 -> 3774990d13fa389cee6fd49652403ca0
  custom:scripting/monoscript/fileName/OcclusionMetallicRoughnessConverter.cs: e0d6537025bf9c73d9e396a043fd94cb -> 66c3d60a846d7d5c502d348c2612fdbc
  custom:scripting/monoscript/fileName/BvhImporterContext.cs: aae66105b2cc9af58e9d2ba9bc7acd91 -> 284127112d9fd034de916e826937d0ff
  custom:scripting/monoscript/fileName/AssetTests.cs: 964aad64d7fcac934803317a6434398a -> 395db1b98433c91c988c4cfa1b1a6873
  custom:scripting/monoscript/fileName/JsonSchemaAttribute.cs: cd9e61dd43eb25f76b08397674ab1a39 -> e08d1e4932120f6e3e0e10bbe3f58c7a
  custom:scripting/monoscript/fileName/UniUnlitUtil.cs: bf5226f5b9770178dc80e644b7a15c13 -> 40f8662fae6880aa625b07a432ff1ea4
  custom:scripting/monoscript/fileName/VRM10ObjectMeta.cs: 5d97decee6fbd3b6456f1ec65fc8dfe8 -> 
  custom:scripting/monoscript/fileName/Generator.cs: 98a9eac2ea27dc592b7ffb018a4bc9b7 -> 4c2c8dd40c38a106d7b8a6a0bdd7e887
  custom:scripting/monoscript/fileName/glTFNode.cs: 1f68b9e05e6c77be524b1364c54f55b4 -> 5f2c26790c62ea98809f8c365fb92f9e
  custom:scripting/monoscript/fileName/BoneMappingEditor.cs: 43b0481abff544921974e46a31d0480a -> 6611b82c3146dcd55a08dd902d149078
  custom:scripting/monoscript/fileName/AssetsPath.cs: 83606b2ff3fcb307ed380b5b12ad697c -> e468687c763815d00d0b1203e617652c
  custom:scripting/monoscript/fileName/BuiltInVrm10MaterialDescriptorGenerator.cs: 5ce311ee66b3c1365b82e835a46f99c6 -> 
  custom:scripting/monoscript/fileName/JsonSerializerTests.cs: 7721ada4a9c3fa4990690eedd8ff3abf -> f1f545870d0d8b09c16df166ca570821
  custom:scripting/monoscript/fileName/VRM10SpringBoneColliderGroup.cs: 3a2a2a33c87a42b321f349694db8e519 -> 
  custom:scripting/monoscript/fileName/ZipArchivedGltfScriptedImporterEditor.cs: 4f7ff91cb50303c469bb0cb6ab4f8af6 -> 5a0cbb7e2289daccaa298caaeeca96b0
  custom:scripting/monoscript/fileName/TextureExportParam.cs: de171f438b6d51f9b01c9eb3d07fdb8e -> 5cbe7ac55a8f33bd10a1af48099ec447
  custom:scripting/monoscript/fileName/TextureTests.cs: f102ce6c79e9e891a5f94d638a2f8083 -> 30e213f395c0a06e90d215d126fc65af
  custom:scripting/monoscript/fileName/MeshExportValidatorEditor.cs: 0900b6d091866974ed2e8d0ffc94b07c -> 1a962dd7194ca7487be86bf53d3c3241
  custom:scripting/monoscript/fileName/SaveFileDialog.cs: d7e123929eeb64472d1f5a28a5493e64 -> aa5270a1ccf2d61aab3e98faf69f4413
  custom:scripting/monoscript/fileName/ShaderProps.cs: 4d3c4939dd27d1fe63f1a283c3d2747d -> 40118b7a515f47bbdc880333dcd01fb0
  custom:scripting/monoscript/fileName/ForceUniqueName.cs: 753f6a6e9ae5169eb4457cb25c80f51d -> 42af9ca151bc45bec02f246f95969509
  custom:scripting/monoscript/fileName/MeshVertex2.cs: 46bb0766aa9205add5327a5cc1881056 -> 496a4e5afe2580e6e7c68bc13980f1d6
  custom:scripting/monoscript/fileName/MigrationCheck.cs: 639c5f12e41480c99a2b1fe0e9c8d95f -> 
  custom:scripting/monoscript/fileName/JsonSchemaParser.cs: d7e02191f66864801dae4764d00c7312 -> 09ee4c561dd9ddb0b8fe39b776717ef9
  custom:scripting/monoscript/fileName/Vrm10SerializerGenerator.cs: 103e041fdc31ff1d2e059968d31eeadd -> 
  custom:scripting/monoscript/fileName/BvhAnimationClip.cs: 9bbace11213464bd0fd91d723ec4ab88 -> b05a23216b1bd9a05a41138b49fe7e9a
  custom:scripting/monoscript/fileName/SerializerGenerator.cs: dc4324deaaaa6b6e036eeeacb008bc2c -> a7512735da2d86f474ef6a7207698192
  custom:scripting/monoscript/fileName/VRM10ExportSettings.cs: 4ab88f0e1b816e8e0339cf65047a7585 -> 
  custom:scripting/monoscript/fileName/UniGLTFException.cs: 44fbcfa9e2737e03c5ce000536d1f180 -> af9096e79b987251aa4e20ec7a7748b9
  custom:scripting/monoscript/fileName/UnityColorSpaceSettingsValidator.cs: 8c8f72a85887f8bceafae1c371ea309e -> 6a9423d274b5ded80adf28bc0f019c70
  custom:scripting/monoscript/fileName/FormatterExtensions.cs: 02f3f5cfc12580fc565b8d5497df0618 -> 879038781f10f43144fb03bb3dfe2137
  custom:scripting/monoscript/fileName/BufferAccessor.cs: c6df0efd4f6b71a0382209591bd8953f -> 99182d7c229fb3b90c8520ff4ccda7c8
  custom:scripting/monoscript/fileName/MigrationData.cs: 0d55abe560189a4d66aa0d11709081fb -> 
  custom:scripting/monoscript/fileName/Enums.cs: 236e29755a8c48fff43253c7147dd8b3 -> 9e9988f956f7e09cd355adb285686160
  custom:scripting/monoscript/fileName/AnimationClipUtility.cs: 4590907191f580e4dd4211aaa25a8eb9 -> ba6efee2f322f823613c5d2c7211a3ca
  custom:scripting/monoscript/fileName/Mesh.cs: fc2d7c0bef650f53a75b31f015f0fec0 -> 
  custom:scripting/monoscript/fileName/RemapEditorVrm.cs: e2475cc7263d78b7747d4e77c393a7ed -> 
  custom:scripting/monoscript/fileName/BuiltInGltfMaterialExporter.cs: cac5f692ce52cb77d08d8d1f6a023dc7 -> 454db100053999909ad3b06ccbbe7498
  custom:scripting/monoscript/fileName/PrimitiveExtensions.cs: a8600a3130fcccdc9db2e777f7f909f4 -> abc5baf242c8a5ecff930fe7af9f05a8
  custom:scripting/monoscript/fileName/EuclideanTransform.cs: 2fefd750474fb027615c9908f25b087c -> 394c177dd7a7f2d82ed90e0b71039f97
  custom:scripting/monoscript/fileName/MToon10OutlineModeKeyword.cs: 4d4501f3b20121cf479ca5f1a0bd794e -> 92ea6f38dd7a9402d9e9ecf4dbe50f48
  custom:scripting/monoscript/fileName/PackageResource.cs: f240d44cc11944dd101ee52e56dda52e -> 
  custom:scripting/monoscript/fileName/TextureEnumerateTests.cs: 934430892b3caaaf30217b5a39bb5aba -> e914e2191c36102aa4beadb4b2369885
  custom:scripting/monoscript/fileName/ScriptedImporterAxes.cs: 13412ed5c2e04877afe4be2c39f238f5 -> 6a6dd976c84e0ae6af36dc78137674e0
  custom:scripting/monoscript/fileName/VRM10MetaPropertyValidator.cs: 3d6b14bbd78a235580bea5d1595f1989 -> 
  custom:scripting/monoscript/fileName/ColorConversionExtensions.cs: ed6e0be69c41263cb9ddb2843477a117 -> 2ff7e8495733bb700504d69298a5d245
  custom:scripting/monoscript/fileName/MigrationUnlitTransparentZWriteMaterial.cs: 5d56c176226fc2d56d591da9156faf88 -> 
  custom:scripting/monoscript/fileName/UniGLTFVersion.cs: a558dfb8a9983803c876933a4758c1b6 -> 65572c20223c3770806260908b56e8f4
  custom:scripting/monoscript/fileName/TR.cs: 6640e1c4f920f7e5137389504f3e230c -> 
  custom:scripting/monoscript/fileName/ITextureDescriptorGenerator.cs: 289eb0c806921feea2b908f8a028c294 -> 11903657d827f1c72cb44645556685fb
  custom:scripting/monoscript/fileName/UniUnlitEditor.cs: db46a559762d592ab72d9008fdde7280 -> 391558a24cbc6ba4836a22c57c8aff33
  custom:scripting/monoscript/fileName/glTFCamera.cs: 18cdace45186d8d015144accd5918e40 -> 90376146ed07ba2750881e1874023ded
  custom:scripting/monoscript/fileName/VRMSpecVersion.cs: 7294185b5966012b20a5b7cd0428e23b -> 11e009b753033a8c280dcf3222921b14
  custom:scripting/monoscript/fileName/GltfScriptedImporterBase.cs: dd2267edefac3a58428310afadb22f6c -> 47003b5c50d473ac24605c3e3551dee9
  custom:scripting/monoscript/fileName/MeshIntegratorUtility.cs: dc91f3c318c322879a5eecf4e8238181 -> f7873f751d2bc510447cdafd8ef1efc9
  custom:scripting/monoscript/fileName/UnityRenderTag.cs: 131b290de9e2e4209052bc036f37b97f -> 81d3272e6cddaae65df51750bbf021b9
  custom:scripting/monoscript/fileName/IAwaitCaller.cs: 23647e4a2651ac68fee0a3c0f31bba05 -> 9c5e0a5412addfb19f9af35fce1dbe38
  custom:scripting/monoscript/fileName/Skin.cs: 6e42670f1ac5c4171f59cf805cfe48b5 -> 
  custom:scripting/monoscript/fileName/UrpGltfDefaultMaterialImporter.cs: 6ab52f046a6de0f58811f1a5063724d2 -> dcd06b82f2c8d5ff94f212b713b5d217
  custom:scripting/monoscript/fileName/ModelReader.cs: 535644141c18547698ed366a4acbc5c9 -> 
  custom:scripting/monoscript/fileName/VRM10ObjectLookAt.cs: 1c3c57717717d226e830ec2836dbf0c2 -> 
  custom:audio-encoder-webm-vorbis: bf7c407c2cedff20999df2af8eb42d56 -> 
  custom:scripting/monoscript/fileName/ExportDialogBase.cs: 00d21cb52d62a7a4b9c5fa069217d65f -> 6d5d29ed991d0a101e53df5a616f8614
  custom:scripting/monoscript/fileName/PreviewMeshItem.cs: f1e285d30e284804f820852241ac0d17 -> 
  custom:scripting/monoscript/fileName/MaterialExtensions.cs: 5b0fc37807575dcdbd314657a99f4b1e -> 1daa7ca48937912d5c7b03640a65b61a
  custom:scripting/monoscript/fileName/LookAtInput.cs: e6fd6af4382ac502e04b5563b47ea1b0 -> 
  custom:scripting/monoscript/fileName/JsonParserTest.cs: 4c577ffd523fa882ca75bbca641418da -> bdca5c379316bef3f7cf8127abf2cceb
  custom:scripting/monoscript/fileName/CurveMapper.cs: 1318f50d468eeade4c87dabfc3bb5be8 -> edfc06c57fa6ad061c279b7008e2278d
  custom:scripting/monoscript/fileName/MetallicRoughnessConverterTests.cs: 97a8cbff0d7492ff379a9ee38b2755b9 -> c3df9a0fb94a98ad82e4e084c22bc02f
  custom:scripting/monoscript/fileName/JsonValue.cs: 05e08d5bbc23312caa06497416af3c73 -> 04d0208b6746a72d83ea502109147d07
  custom:scripting/monoscript/fileName/ReorderableMorphTargetBindingList.cs: 6d861323508d41c2b25d69406f08d337 -> 
  custom:scripting/monoscript/fileName/IFileSystemAccessor.cs: bc0bd56b579266e0af3129a1fb9b0e4f -> 3a71b729b0e82d955674afa55291bcd4
  custom:scripting/monoscript/fileName/MeshExtensions.cs: a40fbb301bfbea51f6c0647cf855e839 -> af860f52eabca2910442c6028a5e45fc
  custom:scripting/monoscript/fileName/BindposeGizmo.cs: 3e69289ce403cd1cc0e2d097f2e41531 -> cff21f42c0c8a68169c3b71270a913d0
  custom:scripting/monoscript/fileName/ByteUnion.cs: 3708e74b28653f38cecfff821fd97eb8 -> d934888f521c04185254af02f39fc8c3
  custom:scripting/monoscript/fileName/MigrationMaterials.cs: 33b44585b5f3eaa72281c4df37e71403 -> 
  custom:scripting/monoscript/fileName/TextureSamplerUtil.cs: 27d8219a9a82a580051bd1fbefd4d32f -> b11cdd5e418a1c471ef87307685131f2
  custom:scripting/monoscript/fileName/TextureImporterConfigurator.cs: 0bbc8be872d99a0ec4156c4d862209f8 -> 9f89a599afdeb379830a2280f9b791eb
  custom:scripting/monoscript/fileName/GltfTextureImporter.cs: 817089c55a396cf4e07ec6bc71288d40 -> 495d1e1146195cd8954e4c19493221df
  custom:scripting/monoscript/fileName/IUtf8String.cs: ed5905f9299a66c355f57a66896ed04e -> 965d8df6f1218ad0f75626f0c2a2acb8
  custom:scripting/monoscript/fileName/ModelTests.cs: a3bf1cac2000617933a9b4b07a96ad50 -> 
  custom:scripting/monoscript/fileName/Vrm10InstanceEditorExpression.cs: 75b0191695633a2688ca417b1cabdb14 -> 
  custom:scripting/monoscript/fileName/ObjectJsonSchema.cs: c383d4b8980e8b40ffa2f019256986cf -> 6ec9f3c0ed00f8a4fbc3f19896d8f62b
  custom:scripting/monoscript/fileName/VRM10SpringUtility.cs: 5e330f8ea4be65783ae343978b8e3942 -> 
  custom:scripting/monoscript/fileName/AvatarDescription.cs: 9cf14ebcdb03ffbbd5433a17f169314f -> 145d55c502a111f433daf0c20334aaf7
  custom:scripting/monoscript/fileName/ILookAtEyeDirectionProvider.cs: 8d24b4f07fbe7da4a470825d2c7a5ec4 -> 
  custom:scripting/monoscript/fileName/GlbScriptedImporterEditor.cs: ff1ee68ec31eb4ef86ad35b602d6fbcc -> 15a0adba6b9f1e0120a4f0511d9e180b
  custom:scripting/monoscript/fileName/VRM10MaterialValidator.cs: 62b0bd82a903ee166f118856ce78f656 -> 
  custom:scripting/monoscript/fileName/Vrm0XMToonValue.cs: 8418bb6de04388610ce48b36b9e947a5 -> 
  custom:scripting/monoscript/fileName/GltfDeserializer.g.cs: 2f28db683bd376ab4b057d64779f5440 -> a6c6924e1e4497d15a9b7deb64cea9b0
  custom:scripting/monoscript/fileName/BlittableSpan.cs: 88a4f397d776505c9c5bdd03d54233b3 -> 
  custom:scripting/monoscript/fileName/StringJsonSchema.cs: 10fc3044f04ba6d8eb531b52cdbb5a72 -> 1594d3848e3e8d1c2e779407d9edaf64
  custom:scripting/monoscript/fileName/BlittableSpring.cs: 9c46a903b82771a65aeb1172c6700d3f -> 
  custom:scripting/monoscript/fileName/PrefabRelatedScriptableObject.cs: 4b2983496b44d55e558ac1f66973601e -> 
  custom:scripting/monoscript/fileName/MaterialUVBinding.cs: 357609ef2499f82581ceb37142017a2c -> 
  custom:scripting/monoscript/fileName/VrmAnimationUtil.cs: 0c3c27f8bf68deb423e507d27d1e0da5 -> 
  custom:scripting/monoscript/fileName/MigrationVrmSpringBone.cs: 2dac9d8e69480c3537dcfc9e80a9df41 -> 
  custom:scripting/monoscript/fileName/BlittableExternalData.cs: 1a057ce42856e03bea96caff3b0717c6 -> 
  custom:scripting/monoscript/fileName/HumanoidLoader.cs: c3fbc42fce4800f8917b7c6b37892364 -> 11f3606c2645f9e227d9e473cc0e76c5
  custom:scripting/monoscript/fileName/MigrationPbrMaterial.cs: 44e5ca97021978b1e1527a3e70f5870b -> 
  custom:scripting/monoscript/fileName/EnumJsonSchema.cs: f3e877570a92ba865c528d946daf0eab -> a63de2e478d352f0a98512a273d449c2
  custom:scripting/monoscript/fileName/MigrationVrmHumanoid.cs: 1756e97bba998542086267fa90638aad -> 
  custom:scripting/monoscript/fileName/Node.cs: 00622d04289f7bce266a2074f3dfa86a -> 
  custom:scripting/monoscript/fileName/FormatWriter.cs: 1677c4a6ed0f76b1f62fd7c172d43a5a -> e7eb665d991b41161e1835b2bf0ee8d4
  custom:scripting/monoscript/fileName/ExportingGltfData.cs: 168afdee7c315c0b2b4d45dcfc6ee31a -> 84d899f599c47824f4d6b6b6377f4355
  custom:scripting/monoscript/fileName/HierarchyValidator.cs: d5c525b3d227ea61103ee5862277e640 -> d31efffeabfbf3815a4b43f18b621a38
  custom:scripting/monoscript/fileName/ArrayJsonSchema.cs: d309c7cc10c9e4515db251ee584caea4 -> 336cc72aefe6c45e4b1e48e40fbd73a7
  custom:scripting/monoscript/fileName/DeserializerWriter.cs: d24aba5dd69ed6a501d450333b82da52 -> ec6ab4656b7986371cf9acc3c2b8d9a3
  custom:scripting/monoscript/fileName/ListExtensions.cs: e9579ede35e88b4526c92f3931fe8ef9 -> 
  custom:scripting/monoscript/fileName/IExpressionValidatorFactory.cs: 0822d4f76c7181cd50425188533ad8ed -> 
  custom:scripting/monoscript/fileName/MigrationMToonMaterial.cs: 96226bb10d1ad03aa9a021716fbbad1f -> 
  custom:scripting/monoscript/fileName/GltfJsonUtilTests.cs: a6ce6119f809592885dd01746f130473 -> 276dc94b9c6a145b4402563638f78cdd
  custom:scripting/monoscript/fileName/Byte3.cs: cf71713adecba7b03af59ecb2eddeefc -> 5453309ac4ac5cb5e4a1a3c5c5db2f7e
  custom:scripting/monoscript/fileName/PreviewSceneManager.cs: cd0d6cf71603c6ba8255312eeb44859a -> dac68be7e6ba4b9e063e54b3ebffcfc9
  custom:scripting/monoscript/fileName/ListTreeNodeArrayExtensions.cs: a1e8d004719d78b66218314549bce906 -> 70443033614f95a0bafe225551ff6397
  custom:scripting/monoscript/fileName/MorphTargetBinding.cs: 6010f7b989ffa5c7e0d661fdb3e4868a -> 
  custom:scripting/monoscript/fileName/UriByteBuffer.cs: 602e4c245336272423da90690a041c32 -> affb9721fb565f53e2ff9814c877c751
  custom:scripting/monoscript/fileName/gltf_mesh_extras_targetNames.cs: 570c9154e94c1fd04392ec5b9f1415d4 -> 69286b964af59f5eabd4f555df3bb917
  custom:scripting/monoscript/fileName/MatrixTests.cs: a132c4123dec2d7482d99a3785553ef1 -> 99947b089025aa5816cb0935f694325b
  custom:scripting/monoscript/fileName/KHR_texture_basisu.cs: fceeb18f6dcf4f64e9324ead499cee50 -> b0e98ae158c74f9b159b907cb2f19180
